Using pre-set license
Built from '2020.3/staging' branch; Version is '2020.3.5f1 (8095aa901b9b) revision 8426922'; Using compiler version '192528614'; Build Type 'Release'
OS: 'Windows 10 Pro; OS build 19041.985; Version 2004; 64bit' Language: 'es' Physical Memory: 8123 MB
BatchMode: 1, IsHumanControllingUs: 0, StartBugReporterOnCrash: 0, Is64bit: 1, IsPro: 0

 COMMAND LINE ARGUMENTS:
C:\Program Files\Unity\Hub\Editor\2020.3.5f1\Editor\Unity.exe
-adb2
-batchMode
-noUpm
-name
AssetImportWorker0
-projectPath
C:/Users/gomii/Flappy Bird
-logFile
Logs/AssetImportWorker0.log
-srvPort
59449
Successfully changed project path to: C:/Users/gomii/Flappy Bird
C:/Users/gomii/Flappy Bird
Using Asset Import Pipeline V2.
Refreshing native plugins compatible for Editor in 108.61 ms, found 1 plugins.
Preloading 0 native plugins for Editor in 0.00 ms.
Initialize engine version: 2020.3.5f1 (8095aa901b9b)
[Subsystems] Discovering subsystems at path C:/Program Files/Unity/Hub/Editor/2020.3.5f1/Editor/Data/Resources/UnitySubsystems
[Subsystems] Discovering subsystems at path C:/Users/gomii/Flappy Bird/Assets
GfxDevice: creating device client; threaded=0
Direct3D:
    Version:  Direct3D 11.0 [level 11.1]
    Renderer: Intel(R) HD Graphics 520 (ID=0x1916)
    Vendor:   
    VRAM:     4061 MB
    Driver:   27.20.100.9171
Initialize mono
Mono path[0] = 'C:/Program Files/Unity/Hub/Editor/2020.3.5f1/Editor/Data/Managed'
Mono path[1] = 'C:/Program Files/Unity/Hub/Editor/2020.3.5f1/Editor/Data/MonoBleedingEdge/lib/mono/unityjit'
Mono config path = 'C:/Program Files/Unity/Hub/Editor/2020.3.5f1/Editor/Data/MonoBleedingEdge/etc'
Using monoOptions --debugger-agent=transport=dt_socket,embedding=1,server=y,suspend=n,address=127.0.0.1:56904
Begin MonoManager ReloadAssembly
Registering precompiled unity dll's ...
Register platform support module: C:/Program Files/Unity/Hub/Editor/2020.3.5f1/Editor/Data/PlaybackEngines/WindowsStandaloneSupport/UnityEditor.WindowsStandalone.Extensions.dll
Registered in 0.004953 seconds.
Native extension for WindowsStandalone target not found
Refreshing native plugins compatible for Editor in 94.44 ms, found 1 plugins.
Preloading 0 native plugins for Editor in 0.00 ms.
Mono: successfully reloaded assembly
- Completed reload, in  4.716 seconds
Platform modules already initialized, skipping
Registering precompiled user dll's ...
Registered in 0.002350 seconds.
Begin MonoManager ReloadAssembly
Native extension for WindowsStandalone target not found
Refreshing native plugins compatible for Editor in 121.35 ms, found 1 plugins.
Preloading 0 native plugins for Editor in 0.00 ms.
Mono: successfully reloaded assembly
- Completed reload, in  2.781 seconds
Platform modules already initialized, skipping
========================================================================
Worker process is ready to serve import requests
Launched and connected shader compiler UnityShaderCompiler.exe after 0.10 seconds
Refreshing native plugins compatible for Editor in 0.66 ms, found 1 plugins.
Preloading 0 native plugins for Editor in 0.00 ms.
Unloading 1816 Unused Serialized files (Serialized files now loaded: 0)
System memory in use before: 85.6 MB.
System memory in use after: 85.5 MB.

Unloading 24 unused Assets to reduce memory usage. Loaded Objects now: 2260.
Total: 3.762800 ms (FindLiveObjects: 0.317600 ms CreateObjectMapping: 0.096300 ms MarkObjects: 3.119100 ms  DeleteObjects: 0.227300 ms)

========================================================================
Received Import Request.
  path: Assets/Scenes/Menu.unity
  artifactKey: Guid(75dcd0c1be2d6424dacbec1510cfb49c) Importer(815301076,1909f56bfc062723c751e8b465ee728b)
Start importing Assets/Scenes/Menu.unity using Guid(75dcd0c1be2d6424dacbec1510cfb49c) Importer(815301076,1909f56bfc062723c751e8b465ee728b)  -> (artifact id: 'c18c69445283a328cb6a3ebb53c84bd7') in 0.035037 seconds
  Import took 0.042314 seconds .

========================================================================
Received Import Request.
  Time since last request: 714.028095 seconds.
  path: Assets/Scripts/Menu.cs
  artifactKey: Guid(bda6264668c58d742bf7df293f0aa251) Importer(815301076,1909f56bfc062723c751e8b465ee728b)
Start importing Assets/Scripts/Menu.cs using Guid(bda6264668c58d742bf7df293f0aa251) Importer(815301076,1909f56bfc062723c751e8b465ee728b)  -> (artifact id: '089e0d3ca9962d10d97ba18e12710d51') in 0.113482 seconds
  Import took 0.121794 seconds .

========================================================================
Received Import Request.
  Time since last request: 34.963781 seconds.
  path: Assets/Scripts/CharacterSelectionMenu.cs
  artifactKey: Guid(668d685938bc90c4c9727fc2bd81846c) Importer(815301076,1909f56bfc062723c751e8b465ee728b)
Start importing Assets/Scripts/CharacterSelectionMenu.cs using Guid(668d685938bc90c4c9727fc2bd81846c) Importer(815301076,1909f56bfc062723c751e8b465ee728b)  -> (artifact id: '8f7174d220436a7d1abc687006f5d628') in 0.024218 seconds
  Import took 0.130774 seconds .

========================================================================
Received Prepare
Registering precompiled user dll's ...
Registered in 0.003350 seconds.
Begin MonoManager ReloadAssembly
Native extension for WindowsStandalone target not found
Refreshing native plugins compatible for Editor in 0.92 ms, found 1 plugins.
Preloading 0 native plugins for Editor in 0.00 ms.
Mono: successfully reloaded assembly
- Completed reload, in  2.743 seconds
Platform modules already initialized, skipping
Refreshing native plugins compatible for Editor in 3.91 ms, found 1 plugins.
Preloading 0 native plugins for Editor in 0.00 ms.
Unloading 1812 Unused Serialized files (Serialized files now loaded: 0)
System memory in use before: 85.5 MB.
System memory in use after: 85.5 MB.

Unloading 12 unused Assets to reduce memory usage. Loaded Objects now: 2265.
Total: 43.649500 ms (FindLiveObjects: 0.640700 ms CreateObjectMapping: 0.230800 ms MarkObjects: 40.766200 ms  DeleteObjects: 2.008500 ms)

========================================================================
Received Prepare
Registering precompiled user dll's ...
Registered in 0.001819 seconds.
Begin MonoManager ReloadAssembly
Native extension for WindowsStandalone target not found
Refreshing native plugins compatible for Editor in 0.65 ms, found 1 plugins.
Preloading 0 native plugins for Editor in 0.00 ms.
Mono: successfully reloaded assembly
- Completed reload, in  2.285 seconds
Platform modules already initialized, skipping
Refreshing native plugins compatible for Editor in 0.73 ms, found 1 plugins.
Preloading 0 native plugins for Editor in 0.00 ms.
Unloading 1812 Unused Serialized files (Serialized files now loaded: 0)
System memory in use before: 85.6 MB.
System memory in use after: 85.6 MB.

Unloading 12 unused Assets to reduce memory usage. Loaded Objects now: 2269.
Total: 3.707400 ms (FindLiveObjects: 0.247600 ms CreateObjectMapping: 0.095400 ms MarkObjects: 3.198400 ms  DeleteObjects: 0.163700 ms)

========================================================================
Received Import Request.
  Time since last request: 78.657609 seconds.
  path: Assets/Scripts/CharacterSelection.cs
  artifactKey: Guid(9c9cb8e2d66e23a488be308c60e7d380) Importer(815301076,1909f56bfc062723c751e8b465ee728b)
Start importing Assets/Scripts/CharacterSelection.cs using Guid(9c9cb8e2d66e23a488be308c60e7d380) Importer(815301076,1909f56bfc062723c751e8b465ee728b)  -> (artifact id: '8633845430dad52a2acbb1060cc0fd29') in 0.021979 seconds
  Import took 0.028372 seconds .

========================================================================
Received Prepare
Registering precompiled user dll's ...
Registered in 0.001809 seconds.
Begin MonoManager ReloadAssembly
Native extension for WindowsStandalone target not found
Refreshing native plugins compatible for Editor in 0.83 ms, found 1 plugins.
Preloading 0 native plugins for Editor in 0.00 ms.
Mono: successfully reloaded assembly
- Completed reload, in  2.313 seconds
Platform modules already initialized, skipping
Refreshing native plugins compatible for Editor in 0.59 ms, found 1 plugins.
Preloading 0 native plugins for Editor in 0.00 ms.
Unloading 1812 Unused Serialized files (Serialized files now loaded: 0)
System memory in use before: 85.6 MB.
System memory in use after: 85.6 MB.

Unloading 12 unused Assets to reduce memory usage. Loaded Objects now: 2273.
Total: 3.845100 ms (FindLiveObjects: 0.412500 ms CreateObjectMapping: 0.152000 ms MarkObjects: 3.071600 ms  DeleteObjects: 0.206100 ms)

========================================================================
Received Import Request.
  Time since last request: 859.746695 seconds.
  path: Assets/Scripts/CharacterSelection.cs
  artifactKey: Guid(9c9cb8e2d66e23a488be308c60e7d380) Importer(815301076,1909f56bfc062723c751e8b465ee728b)
Start importing Assets/Scripts/CharacterSelection.cs using Guid(9c9cb8e2d66e23a488be308c60e7d380) Importer(815301076,1909f56bfc062723c751e8b465ee728b)  -> (artifact id: '78f3bb3876bc0f5fb19bc7b5c1b38efc') in 0.008888 seconds
  Import took 0.015637 seconds .

========================================================================
Received Import Request.
  Time since last request: 1592.368308 seconds.
  path: Assets/Sprite Pack/Tap and Fly/Sprites/GUI/next.png
  artifactKey: Guid(e36de53b13d5e5b4b86865df3cee7d7b) Importer(815301076,1909f56bfc062723c751e8b465ee728b)
Start importing Assets/Sprite Pack/Tap and Fly/Sprites/GUI/next.png using Guid(e36de53b13d5e5b4b86865df3cee7d7b) Importer(815301076,1909f56bfc062723c751e8b465ee728b)  -> (artifact id: '9ae60dd84736d6f045162be55e89a9ba') in 0.290574 seconds
  Import took 0.303362 seconds .

========================================================================
Received Import Request.
  Time since last request: 1.195271 seconds.
  path: Assets/Sprite Pack/Tap and Fly/Sprites/GUI/back.png
  artifactKey: Guid(cebb2915b4347584dac9014ece989613) Importer(815301076,1909f56bfc062723c751e8b465ee728b)
Start importing Assets/Sprite Pack/Tap and Fly/Sprites/GUI/back.png using Guid(cebb2915b4347584dac9014ece989613) Importer(815301076,1909f56bfc062723c751e8b465ee728b)  -> (artifact id: '3d714c5225ff7a8835db6cffdb64a95d') in 0.076518 seconds
  Import took 0.089469 seconds .

========================================================================
Received Import Request.
  Time since last request: 17.097978 seconds.
  path: Assets/Scenes/Color.unity
  artifactKey: Guid(ae2754ad83344c44b91e8d2b7c0c905c) Importer(815301076,1909f56bfc062723c751e8b465ee728b)
Start importing Assets/Scenes/Color.unity using Guid(ae2754ad83344c44b91e8d2b7c0c905c) Importer(815301076,1909f56bfc062723c751e8b465ee728b)  -> (artifact id: '13901ba9a5d7476b69c3c7b66979a23f') in 0.031358 seconds
  Import took 0.039615 seconds .

========================================================================
Received Import Request.
  Time since last request: 67.877939 seconds.
  path: Assets/Scenes/Color.unity
  artifactKey: Guid(ae2754ad83344c44b91e8d2b7c0c905c) Importer(815301076,1909f56bfc062723c751e8b465ee728b)
Start importing Assets/Scenes/Color.unity using Guid(ae2754ad83344c44b91e8d2b7c0c905c) Importer(815301076,1909f56bfc062723c751e8b465ee728b)  -> (artifact id: 'cdac533371de1d539423daedaa613175') in 0.007530 seconds
  Import took 0.013418 seconds .

========================================================================
Received Prepare
Registering precompiled user dll's ...
Registered in 0.003302 seconds.
Begin MonoManager ReloadAssembly
Native extension for WindowsStandalone target not found
Refreshing native plugins compatible for Editor in 0.81 ms, found 1 plugins.
Preloading 0 native plugins for Editor in 0.00 ms.
Mono: successfully reloaded assembly
- Completed reload, in  2.261 seconds
Platform modules already initialized, skipping
Refreshing native plugins compatible for Editor in 0.57 ms, found 1 plugins.
Preloading 0 native plugins for Editor in 0.00 ms.
Unloading 1812 Unused Serialized files (Serialized files now loaded: 0)
System memory in use before: 88.7 MB.
System memory in use after: 88.7 MB.

Unloading 12 unused Assets to reduce memory usage. Loaded Objects now: 2283.
Total: 5.379400 ms (FindLiveObjects: 0.426900 ms CreateObjectMapping: 0.156400 ms MarkObjects: 4.608300 ms  DeleteObjects: 0.184700 ms)

========================================================================
Received Import Request.
  Time since last request: 179.933349 seconds.
  path: Assets/Scenes/Color.unity
  artifactKey: Guid(ae2754ad83344c44b91e8d2b7c0c905c) Importer(815301076,1909f56bfc062723c751e8b465ee728b)
Start importing Assets/Scenes/Color.unity using Guid(ae2754ad83344c44b91e8d2b7c0c905c) Importer(815301076,1909f56bfc062723c751e8b465ee728b)  -> (artifact id: '710832a76b4bcfefa38bd55430dca9be') in 0.029823 seconds
  Import took 0.038669 seconds .

========================================================================
Received Prepare
Registering precompiled user dll's ...
Registered in 0.001829 seconds.
Begin MonoManager ReloadAssembly
Native extension for WindowsStandalone target not found
Refreshing native plugins compatible for Editor in 0.57 ms, found 1 plugins.
Preloading 0 native plugins for Editor in 0.00 ms.
Mono: successfully reloaded assembly
- Completed reload, in  1.678 seconds
Platform modules already initialized, skipping
Refreshing native plugins compatible for Editor in 0.61 ms, found 1 plugins.
Preloading 0 native plugins for Editor in 0.00 ms.
Unloading 1812 Unused Serialized files (Serialized files now loaded: 0)
System memory in use before: 88.8 MB.
System memory in use after: 88.7 MB.

Unloading 12 unused Assets to reduce memory usage. Loaded Objects now: 2287.
Total: 4.802900 ms (FindLiveObjects: 0.327600 ms CreateObjectMapping: 0.117000 ms MarkObjects: 4.123400 ms  DeleteObjects: 0.232000 ms)

========================================================================
Received Prepare
Registering precompiled user dll's ...
Registered in 0.002298 seconds.
Begin MonoManager ReloadAssembly
Native extension for WindowsStandalone target not found
Refreshing native plugins compatible for Editor in 0.93 ms, found 1 plugins.
Preloading 0 native plugins for Editor in 0.00 ms.
Mono: successfully reloaded assembly
- Completed reload, in  1.664 seconds
Platform modules already initialized, skipping
Refreshing native plugins compatible for Editor in 0.53 ms, found 1 plugins.
Preloading 0 native plugins for Editor in 0.00 ms.
Unloading 1812 Unused Serialized files (Serialized files now loaded: 0)
System memory in use before: 88.8 MB.
System memory in use after: 88.7 MB.

Unloading 12 unused Assets to reduce memory usage. Loaded Objects now: 2291.
Total: 3.553600 ms (FindLiveObjects: 0.389600 ms CreateObjectMapping: 0.172000 ms MarkObjects: 2.761900 ms  DeleteObjects: 0.227800 ms)

========================================================================
Received Prepare
Registering precompiled user dll's ...
Registered in 0.002330 seconds.
Begin MonoManager ReloadAssembly
Native extension for WindowsStandalone target not found
Refreshing native plugins compatible for Editor in 1.42 ms, found 1 plugins.
Preloading 0 native plugins for Editor in 0.00 ms.
Mono: successfully reloaded assembly
- Completed reload, in  2.261 seconds
Platform modules already initialized, skipping
Refreshing native plugins compatible for Editor in 0.59 ms, found 1 plugins.
Preloading 0 native plugins for Editor in 0.00 ms.
Unloading 1812 Unused Serialized files (Serialized files now loaded: 0)
System memory in use before: 88.8 MB.
System memory in use after: 88.7 MB.

Unloading 12 unused Assets to reduce memory usage. Loaded Objects now: 2295.
Total: 4.067800 ms (FindLiveObjects: 0.388000 ms CreateObjectMapping: 0.142400 ms MarkObjects: 3.363200 ms  DeleteObjects: 0.171200 ms)

========================================================================
Received Prepare
Registering precompiled user dll's ...
Registered in 0.001863 seconds.
Begin MonoManager ReloadAssembly
Native extension for WindowsStandalone target not found
Refreshing native plugins compatible for Editor in 1.35 ms, found 1 plugins.
Preloading 0 native plugins for Editor in 0.00 ms.
Mono: successfully reloaded assembly
- Completed reload, in  1.676 seconds
Platform modules already initialized, skipping
Refreshing native plugins compatible for Editor in 0.92 ms, found 1 plugins.
Preloading 0 native plugins for Editor in 0.00 ms.
Unloading 1812 Unused Serialized files (Serialized files now loaded: 0)
System memory in use before: 88.8 MB.
System memory in use after: 88.8 MB.

Unloading 12 unused Assets to reduce memory usage. Loaded Objects now: 2299.
Total: 4.046000 ms (FindLiveObjects: 0.814200 ms CreateObjectMapping: 0.239000 ms MarkObjects: 2.766000 ms  DeleteObjects: 0.223500 ms)

========================================================================
Received Prepare
Registering precompiled user dll's ...
Registered in 0.002473 seconds.
Begin MonoManager ReloadAssembly
Native extension for WindowsStandalone target not found
Refreshing native plugins compatible for Editor in 0.76 ms, found 1 plugins.
Preloading 0 native plugins for Editor in 0.00 ms.
Mono: successfully reloaded assembly
- Completed reload, in  1.941 seconds
Platform modules already initialized, skipping
Refreshing native plugins compatible for Editor in 0.70 ms, found 1 plugins.
Preloading 0 native plugins for Editor in 0.00 ms.
Unloading 1812 Unused Serialized files (Serialized files now loaded: 0)
System memory in use before: 88.8 MB.
System memory in use after: 88.8 MB.

Unloading 12 unused Assets to reduce memory usage. Loaded Objects now: 2303.
Total: 4.869400 ms (FindLiveObjects: 0.324400 ms CreateObjectMapping: 0.126000 ms MarkObjects: 4.160100 ms  DeleteObjects: 0.255500 ms)

========================================================================
Received Prepare
Registering precompiled user dll's ...
Registered in 0.001842 seconds.
Begin MonoManager ReloadAssembly
Native extension for WindowsStandalone target not found
Refreshing native plugins compatible for Editor in 0.55 ms, found 1 plugins.
Preloading 0 native plugins for Editor in 0.00 ms.
Mono: successfully reloaded assembly
- Completed reload, in  1.659 seconds
Platform modules already initialized, skipping
Refreshing native plugins compatible for Editor in 0.56 ms, found 1 plugins.
Preloading 0 native plugins for Editor in 0.00 ms.
Unloading 1812 Unused Serialized files (Serialized files now loaded: 0)
System memory in use before: 88.8 MB.
System memory in use after: 88.8 MB.

Unloading 12 unused Assets to reduce memory usage. Loaded Objects now: 2307.
Total: 3.319300 ms (FindLiveObjects: 0.331200 ms CreateObjectMapping: 0.137800 ms MarkObjects: 2.677100 ms  DeleteObjects: 0.170800 ms)

========================================================================
Received Prepare
Registering precompiled user dll's ...
Registered in 0.001879 seconds.
Begin MonoManager ReloadAssembly
Native extension for WindowsStandalone target not found
Refreshing native plugins compatible for Editor in 0.55 ms, found 1 plugins.
Preloading 0 native plugins for Editor in 0.00 ms.
Mono: successfully reloaded assembly
- Completed reload, in  2.392 seconds
Platform modules already initialized, skipping
Refreshing native plugins compatible for Editor in 0.71 ms, found 1 plugins.
Preloading 0 native plugins for Editor in 0.00 ms.
Unloading 1812 Unused Serialized files (Serialized files now loaded: 0)
System memory in use before: 88.8 MB.
System memory in use after: 88.8 MB.

Unloading 12 unused Assets to reduce memory usage. Loaded Objects now: 2311.
Total: 5.718000 ms (FindLiveObjects: 0.698000 ms CreateObjectMapping: 0.393700 ms MarkObjects: 4.388400 ms  DeleteObjects: 0.235300 ms)

========================================================================
Received Prepare
Registering precompiled user dll's ...
Registered in 0.002169 seconds.
Begin MonoManager ReloadAssembly
Native extension for WindowsStandalone target not found
Refreshing native plugins compatible for Editor in 1.10 ms, found 1 plugins.
Preloading 0 native plugins for Editor in 0.00 ms.
Mono: successfully reloaded assembly
- Completed reload, in  2.294 seconds
Platform modules already initialized, skipping
Refreshing native plugins compatible for Editor in 0.56 ms, found 1 plugins.
Preloading 0 native plugins for Editor in 0.00 ms.
Unloading 1812 Unused Serialized files (Serialized files now loaded: 0)
System memory in use before: 88.8 MB.
System memory in use after: 88.8 MB.

Unloading 12 unused Assets to reduce memory usage. Loaded Objects now: 2315.
Total: 3.907100 ms (FindLiveObjects: 0.398000 ms CreateObjectMapping: 0.171300 ms MarkObjects: 3.089800 ms  DeleteObjects: 0.245500 ms)

========================================================================
Received Prepare
Registering precompiled user dll's ...
Registered in 0.002841 seconds.
Begin MonoManager ReloadAssembly
Native extension for WindowsStandalone target not found
Refreshing native plugins compatible for Editor in 0.56 ms, found 1 plugins.
Preloading 0 native plugins for Editor in 0.00 ms.
Mono: successfully reloaded assembly
- Completed reload, in  2.393 seconds
Platform modules already initialized, skipping
Refreshing native plugins compatible for Editor in 0.89 ms, found 1 plugins.
Preloading 0 native plugins for Editor in 0.00 ms.
Unloading 1812 Unused Serialized files (Serialized files now loaded: 0)
System memory in use before: 88.8 MB.
System memory in use after: 88.8 MB.

Unloading 12 unused Assets to reduce memory usage. Loaded Objects now: 2319.
Total: 3.686300 ms (FindLiveObjects: 0.354300 ms CreateObjectMapping: 0.131500 ms MarkObjects: 3.030800 ms  DeleteObjects: 0.167500 ms)

========================================================================
Received Import Request.
  Time since last request: 1608.147653 seconds.
  path: Assets/Scenes/Level1.unity
  artifactKey: Guid(2cda990e2423bbf4892e6590ba056729) Importer(815301076,1909f56bfc062723c751e8b465ee728b)
Start importing Assets/Scenes/Level1.unity using Guid(2cda990e2423bbf4892e6590ba056729) Importer(815301076,1909f56bfc062723c751e8b465ee728b)  -> (artifact id: '033e2b59b93f9f535f55d7a42d58ab0d') in 0.045456 seconds
  Import took 0.052892 seconds .

========================================================================
Received Import Request.
  Time since last request: 28.275019 seconds.
  path: Assets/Scenes/Color.unity
  artifactKey: Guid(ae2754ad83344c44b91e8d2b7c0c905c) Importer(815301076,1909f56bfc062723c751e8b465ee728b)
Start importing Assets/Scenes/Color.unity using Guid(ae2754ad83344c44b91e8d2b7c0c905c) Importer(815301076,1909f56bfc062723c751e8b465ee728b)  -> (artifact id: '414ef2cfd9e9ea24d593c92b7d790a37') in 0.015841 seconds
  Import took 0.022673 seconds .

========================================================================
Received Prepare
Registering precompiled user dll's ...
Registered in 0.003541 seconds.
Begin MonoManager ReloadAssembly
Native extension for WindowsStandalone target not found
Refreshing native plugins compatible for Editor in 0.58 ms, found 1 plugins.
Preloading 0 native plugins for Editor in 0.00 ms.
Mono: successfully reloaded assembly
- Completed reload, in  2.963 seconds
Platform modules already initialized, skipping
Refreshing native plugins compatible for Editor in 0.74 ms, found 1 plugins.
Preloading 0 native plugins for Editor in 0.00 ms.
Unloading 1813 Unused Serialized files (Serialized files now loaded: 0)
System memory in use before: 88.9 MB.
System memory in use after: 88.8 MB.

Unloading 12 unused Assets to reduce memory usage. Loaded Objects now: 2324.
Total: 3.841400 ms (FindLiveObjects: 0.513100 ms CreateObjectMapping: 0.190600 ms MarkObjects: 2.927300 ms  DeleteObjects: 0.207700 ms)

========================================================================
Received Prepare
Registering precompiled user dll's ...
Registered in 0.002101 seconds.
Begin MonoManager ReloadAssembly
Native extension for WindowsStandalone target not found
Refreshing native plugins compatible for Editor in 0.80 ms, found 1 plugins.
Preloading 0 native plugins for Editor in 0.00 ms.
Mono: successfully reloaded assembly
- Completed reload, in  2.807 seconds
Platform modules already initialized, skipping
Refreshing native plugins compatible for Editor in 0.89 ms, found 1 plugins.
Preloading 0 native plugins for Editor in 0.00 ms.
Unloading 1813 Unused Serialized files (Serialized files now loaded: 0)
System memory in use before: 88.9 MB.
System memory in use after: 88.9 MB.

Unloading 12 unused Assets to reduce memory usage. Loaded Objects now: 2328.
Total: 5.517800 ms (FindLiveObjects: 0.302000 ms CreateObjectMapping: 0.147200 ms MarkObjects: 4.620100 ms  DeleteObjects: 0.445700 ms)

========================================================================
Received Prepare
Registering precompiled user dll's ...
Registered in 0.001848 seconds.
Begin MonoManager ReloadAssembly
Native extension for WindowsStandalone target not found
Refreshing native plugins compatible for Editor in 0.67 ms, found 1 plugins.
Preloading 0 native plugins for Editor in 0.00 ms.
Mono: successfully reloaded assembly
- Completed reload, in  2.119 seconds
Platform modules already initialized, skipping
Refreshing native plugins compatible for Editor in 0.56 ms, found 1 plugins.
Preloading 0 native plugins for Editor in 0.00 ms.
Unloading 1813 Unused Serialized files (Serialized files now loaded: 0)
System memory in use before: 88.9 MB.
System memory in use after: 88.9 MB.

Unloading 12 unused Assets to reduce memory usage. Loaded Objects now: 2332.
Total: 3.726700 ms (FindLiveObjects: 0.284300 ms CreateObjectMapping: 0.120700 ms MarkObjects: 3.109700 ms  DeleteObjects: 0.210100 ms)

========================================================================
Received Prepare
Registering precompiled user dll's ...
Registered in 0.003021 seconds.
Begin MonoManager ReloadAssembly
Native extension for WindowsStandalone target not found
Refreshing native plugins compatible for Editor in 0.74 ms, found 1 plugins.
Preloading 0 native plugins for Editor in 0.00 ms.
Mono: successfully reloaded assembly
- Completed reload, in  2.105 seconds
Platform modules already initialized, skipping
Refreshing native plugins compatible for Editor in 0.70 ms, found 1 plugins.
Preloading 0 native plugins for Editor in 0.00 ms.
Unloading 1813 Unused Serialized files (Serialized files now loaded: 0)
System memory in use before: 88.9 MB.
System memory in use after: 88.9 MB.

Unloading 12 unused Assets to reduce memory usage. Loaded Objects now: 2336.
Total: 4.034900 ms (FindLiveObjects: 0.280500 ms CreateObjectMapping: 0.113600 ms MarkObjects: 3.402700 ms  DeleteObjects: 0.235200 ms)

========================================================================
Received Prepare
Registering precompiled user dll's ...
Registered in 0.001845 seconds.
Begin MonoManager ReloadAssembly
Native extension for WindowsStandalone target not found
Refreshing native plugins compatible for Editor in 0.59 ms, found 1 plugins.
Preloading 0 native plugins for Editor in 0.00 ms.
Mono: successfully reloaded assembly
- Completed reload, in  1.739 seconds
Platform modules already initialized, skipping
Refreshing native plugins compatible for Editor in 0.57 ms, found 1 plugins.
Preloading 0 native plugins for Editor in 0.00 ms.
Unloading 1813 Unused Serialized files (Serialized files now loaded: 0)
System memory in use before: 88.9 MB.
System memory in use after: 88.9 MB.

Unloading 12 unused Assets to reduce memory usage. Loaded Objects now: 2340.
Total: 5.762500 ms (FindLiveObjects: 1.233300 ms CreateObjectMapping: 0.259500 ms MarkObjects: 4.063500 ms  DeleteObjects: 0.192600 ms)

AssetImportWorkerClient::OnTransportError - code=2 error=End of file
