Using pre-set license
Built from '2020.3/staging' branch; Version is '2020.3.5f1 (8095aa901b9b) revision 8426922'; Using compiler version '192528614'; Build Type 'Release'
OS: 'Windows 10 Pro; OS build 19041.985; Version 2004; 64bit' Language: 'es' Physical Memory: 8123 MB
BatchMode: 1, IsHumanControllingUs: 0, StartBugReporterOnCrash: 0, Is64bit: 1, IsPro: 0

 COMMAND LINE ARGUMENTS:
C:\Program Files\Unity\Hub\Editor\2020.3.5f1\Editor\Unity.exe
-adb2
-batchMode
-noUpm
-name
AssetImportWorker0
-projectPath
C:/Users/gomii/Flappy Bird
-logFile
Logs/AssetImportWorker0.log
-srvPort
58402
Successfully changed project path to: C:/Users/gomii/Flappy Bird
C:/Users/gomii/Flappy Bird
Using Asset Import Pipeline V2.
Refreshing native plugins compatible for Editor in 106.51 ms, found 1 plugins.
Preloading 0 native plugins for Editor in 0.00 ms.
Initialize engine version: 2020.3.5f1 (8095aa901b9b)
[Subsystems] Discovering subsystems at path C:/Program Files/Unity/Hub/Editor/2020.3.5f1/Editor/Data/Resources/UnitySubsystems
[Subsystems] Discovering subsystems at path C:/Users/gomii/Flappy Bird/Assets
GfxDevice: creating device client; threaded=0
Direct3D:
    Version:  Direct3D 11.0 [level 11.1]
    Renderer: Intel(R) HD Graphics 520 (ID=0x1916)
    Vendor:   
    VRAM:     4061 MB
    Driver:   27.20.100.9171
Initialize mono
Mono path[0] = 'C:/Program Files/Unity/Hub/Editor/2020.3.5f1/Editor/Data/Managed'
Mono path[1] = 'C:/Program Files/Unity/Hub/Editor/2020.3.5f1/Editor/Data/MonoBleedingEdge/lib/mono/unityjit'
Mono config path = 'C:/Program Files/Unity/Hub/Editor/2020.3.5f1/Editor/Data/MonoBleedingEdge/etc'
Using monoOptions --debugger-agent=transport=dt_socket,embedding=1,server=y,suspend=n,address=127.0.0.1:56192
Begin MonoManager ReloadAssembly
Registering precompiled unity dll's ...
Register platform support module: C:/Program Files/Unity/Hub/Editor/2020.3.5f1/Editor/Data/PlaybackEngines/WindowsStandaloneSupport/UnityEditor.WindowsStandalone.Extensions.dll
Registered in 0.004025 seconds.
Native extension for WindowsStandalone target not found
Refreshing native plugins compatible for Editor in 79.91 ms, found 1 plugins.
Preloading 0 native plugins for Editor in 0.00 ms.
Mono: successfully reloaded assembly
- Completed reload, in  3.706 seconds
Platform modules already initialized, skipping
Registering precompiled user dll's ...
Registered in 0.001906 seconds.
Begin MonoManager ReloadAssembly
Native extension for WindowsStandalone target not found
Refreshing native plugins compatible for Editor in 74.26 ms, found 1 plugins.
Preloading 0 native plugins for Editor in 0.00 ms.
Mono: successfully reloaded assembly
- Completed reload, in  2.023 seconds
Platform modules already initialized, skipping
========================================================================
Worker process is ready to serve import requests
Launched and connected shader compiler UnityShaderCompiler.exe after 0.09 seconds
Refreshing native plugins compatible for Editor in 0.54 ms, found 1 plugins.
Preloading 0 native plugins for Editor in 0.00 ms.
Unloading 1816 Unused Serialized files (Serialized files now loaded: 0)
System memory in use before: 85.5 MB.
System memory in use after: 85.5 MB.

Unloading 24 unused Assets to reduce memory usage. Loaded Objects now: 2260.
Total: 3.902000 ms (FindLiveObjects: 0.410200 ms CreateObjectMapping: 0.190800 ms MarkObjects: 3.074200 ms  DeleteObjects: 0.224600 ms)

========================================================================
Received Import Request.
  path: Assets/Sprite Pack/Tap and Fly/Sprites/Bird/idle_1/player_idle_f01.png
  artifactKey: Guid(2b609647d40aea34fb258bb65841bbf0) Importer(815301076,1909f56bfc062723c751e8b465ee728b)
Start importing Assets/Sprite Pack/Tap and Fly/Sprites/Bird/idle_1/player_idle_f01.png using Guid(2b609647d40aea34fb258bb65841bbf0) Importer(815301076,1909f56bfc062723c751e8b465ee728b)  -> (artifact id: '2bd5fd0034a90e234c183a2231135bf9') in 0.279316 seconds
  Import took 0.288903 seconds .

========================================================================
Received Import Request.
  Time since last request: 0.000431 seconds.
  path: Assets/Sprite Pack/Tap and Fly/Sprites/Bird/idle_3/player_idle_f03_purple.png
  artifactKey: Guid(e64eef431e928d34595157cf095c7861) Importer(815301076,1909f56bfc062723c751e8b465ee728b)
Start importing Assets/Sprite Pack/Tap and Fly/Sprites/Bird/idle_3/player_idle_f03_purple.png using Guid(e64eef431e928d34595157cf095c7861) Importer(815301076,1909f56bfc062723c751e8b465ee728b)  -> (artifact id: 'ed897d7ca0874fefa97e3a6b5096fc15') in 0.042250 seconds
  Import took 0.049213 seconds .

========================================================================
Received Import Request.
  Time since last request: 0.001154 seconds.
  path: Assets/Sprite Pack/Tap and Fly/Sprites/Bird/hurt/player_hurt_f01_purple.png
  artifactKey: Guid(373248e7ee633fe4a83f0714fa53fa46) Importer(815301076,1909f56bfc062723c751e8b465ee728b)
Start importing Assets/Sprite Pack/Tap and Fly/Sprites/Bird/hurt/player_hurt_f01_purple.png using Guid(373248e7ee633fe4a83f0714fa53fa46) Importer(815301076,1909f56bfc062723c751e8b465ee728b)  -> (artifact id: 'aa51126744be843a29df8a98352d997a') in 0.034826 seconds
  Import took 0.044331 seconds .

========================================================================
Received Import Request.
  Time since last request: 0.000405 seconds.
  path: Assets/Sprite Pack/Tap and Fly/Sprites/Bird/idle_3/player_idle_f03_green.png
  artifactKey: Guid(d3b22eb7ea410b548866ddca57cfcf3e) Importer(815301076,1909f56bfc062723c751e8b465ee728b)
Start importing Assets/Sprite Pack/Tap and Fly/Sprites/Bird/idle_3/player_idle_f03_green.png using Guid(d3b22eb7ea410b548866ddca57cfcf3e) Importer(815301076,1909f56bfc062723c751e8b465ee728b)  -> (artifact id: '183a0a463013dfbc88946c235fbd3d5c') in 0.041021 seconds
  Import took 0.055453 seconds .

========================================================================
Received Import Request.
  Time since last request: 0.000384 seconds.
  path: Assets/Pixel Adventure 1/Assets/Traps/Blocks/Part 2 (22x22).png
  artifactKey: Guid(445c6df91e50ef74eb2589883bcc07d1) Importer(815301076,1909f56bfc062723c751e8b465ee728b)
Start importing Assets/Pixel Adventure 1/Assets/Traps/Blocks/Part 2 (22x22).png using Guid(445c6df91e50ef74eb2589883bcc07d1) Importer(815301076,1909f56bfc062723c751e8b465ee728b)  -> (artifact id: '1c60d04ed49e6d2518dd56223c9fb71d') in 0.068191 seconds
  Import took 0.080099 seconds .

========================================================================
Received Import Request.
  Time since last request: 0.000593 seconds.
  path: Assets/Sprite Pack/Tap and Fly/Sprites/Bird/fly_3/player_fly_f03_blue.png
  artifactKey: Guid(c876ae40669999240b8c04f9e400e8f6) Importer(815301076,1909f56bfc062723c751e8b465ee728b)
Start importing Assets/Sprite Pack/Tap and Fly/Sprites/Bird/fly_3/player_fly_f03_blue.png using Guid(c876ae40669999240b8c04f9e400e8f6) Importer(815301076,1909f56bfc062723c751e8b465ee728b)  -> (artifact id: '9e2ba4060ca822dca3f9f478323020e1') in 0.044593 seconds
  Import took 0.055935 seconds .

========================================================================
Received Import Request.
  Time since last request: 0.000351 seconds.
  path: Assets/Sprite Pack/Tap and Fly/Sprites/Bird/idle_3/player_idle_f03_red.png
  artifactKey: Guid(f2582852d17aee149b8213d30a34a9d7) Importer(815301076,1909f56bfc062723c751e8b465ee728b)
Start importing Assets/Sprite Pack/Tap and Fly/Sprites/Bird/idle_3/player_idle_f03_red.png using Guid(f2582852d17aee149b8213d30a34a9d7) Importer(815301076,1909f56bfc062723c751e8b465ee728b)  -> (artifact id: 'a30c6aef1b7374238f63ef7d69bc34a7') in 0.033667 seconds
  Import took 0.045684 seconds .

========================================================================
Received Import Request.
  Time since last request: 0.000848 seconds.
  path: Assets/Sprite Pack/Tap and Fly/Sprites/Bird/idle_3/player_idle_f03.png
  artifactKey: Guid(cb6b6a379cd0afb4aaaae5e203549780) Importer(815301076,1909f56bfc062723c751e8b465ee728b)
Start importing Assets/Sprite Pack/Tap and Fly/Sprites/Bird/idle_3/player_idle_f03.png using Guid(cb6b6a379cd0afb4aaaae5e203549780) Importer(815301076,1909f56bfc062723c751e8b465ee728b)  -> (artifact id: 'ee224b2b662a5246e161ccad6c5287f1') in 0.109553 seconds
  Import took 0.118430 seconds .

========================================================================
Received Import Request.
  Time since last request: 0.001155 seconds.
  path: Assets/Sprite Pack/Tap and Fly/Sprites/Bird/idle_4/player_idle_f04.png
  artifactKey: Guid(0ed740fbfaa3c4a4c94714d3fa7cd9d5) Importer(815301076,1909f56bfc062723c751e8b465ee728b)
Start importing Assets/Sprite Pack/Tap and Fly/Sprites/Bird/idle_4/player_idle_f04.png using Guid(0ed740fbfaa3c4a4c94714d3fa7cd9d5) Importer(815301076,1909f56bfc062723c751e8b465ee728b)  -> (artifact id: 'd05254df7627fce9b146b4d4b78ca8d3') in 0.067109 seconds
  Import took 0.077147 seconds .

========================================================================
Received Import Request.
  Time since last request: 0.000532 seconds.
  path: Assets/Sprite Pack/Tap and Fly/Sprites/Bird/fly_1/player_fly_f01_red.png
  artifactKey: Guid(2696be6115ed8b149934439af2ae5db3) Importer(815301076,1909f56bfc062723c751e8b465ee728b)
Start importing Assets/Sprite Pack/Tap and Fly/Sprites/Bird/fly_1/player_fly_f01_red.png using Guid(2696be6115ed8b149934439af2ae5db3) Importer(815301076,1909f56bfc062723c751e8b465ee728b)  -> (artifact id: '76ecd341850f801a08d6cb911f3f89f5') in 0.032521 seconds
  Import took 0.039325 seconds .

========================================================================
Received Import Request.
  Time since last request: 0.000386 seconds.
  path: Assets/Sprite Pack/Tap and Fly/Sprites/Bird/fly_3/player_fly_f03.png
  artifactKey: Guid(4fff6467f5f6a4f4ea09efecc88d1984) Importer(815301076,1909f56bfc062723c751e8b465ee728b)
Start importing Assets/Sprite Pack/Tap and Fly/Sprites/Bird/fly_3/player_fly_f03.png using Guid(4fff6467f5f6a4f4ea09efecc88d1984) Importer(815301076,1909f56bfc062723c751e8b465ee728b)  -> (artifact id: '8a847a3afe65811f7c11d5ea5aa85518') in 0.040450 seconds
  Import took 0.049936 seconds .

========================================================================
Received Import Request.
  Time since last request: 0.000582 seconds.
  path: Assets/Sprite Pack/Tap and Fly/Sprites/Bird/hurt/player_hurt_f01_green.png
  artifactKey: Guid(d2fdc625573f8c645a4de922b658dc6d) Importer(815301076,1909f56bfc062723c751e8b465ee728b)
Start importing Assets/Sprite Pack/Tap and Fly/Sprites/Bird/hurt/player_hurt_f01_green.png using Guid(d2fdc625573f8c645a4de922b658dc6d) Importer(815301076,1909f56bfc062723c751e8b465ee728b)  -> (artifact id: '767a673baf55a87bdac20a3d856aeb16') in 0.066033 seconds
  Import took 0.085717 seconds .

========================================================================
Received Import Request.
  Time since last request: 0.001134 seconds.
  path: Assets/Sprite Pack/Tap and Fly/Sprites/Bird/idle_4/player_idle_f04_green_red.png
  artifactKey: Guid(5c8708f28ec076c46953078867b3dd1c) Importer(815301076,1909f56bfc062723c751e8b465ee728b)
Start importing Assets/Sprite Pack/Tap and Fly/Sprites/Bird/idle_4/player_idle_f04_green_red.png using Guid(5c8708f28ec076c46953078867b3dd1c) Importer(815301076,1909f56bfc062723c751e8b465ee728b)  -> (artifact id: '7db15882da6add229b12ce718a6abec8') in 0.037810 seconds
  Import took 0.048335 seconds .

========================================================================
Received Import Request.
  Time since last request: 0.000423 seconds.
  path: Assets/Sprite Pack/Tap and Fly/Sprites/Bird/ko/player_ko_f01.png
  artifactKey: Guid(46c0702303bd36046b112d2436130cb2) Importer(815301076,1909f56bfc062723c751e8b465ee728b)
Start importing Assets/Sprite Pack/Tap and Fly/Sprites/Bird/ko/player_ko_f01.png using Guid(46c0702303bd36046b112d2436130cb2) Importer(815301076,1909f56bfc062723c751e8b465ee728b)  -> (artifact id: 'ab336912f7b2bc6ed31d1684d8b60ea7') in 0.036195 seconds
  Import took 0.045027 seconds .

========================================================================
Received Import Request.
  Time since last request: 0.000796 seconds.
  path: Assets/Sprite Pack/Tap and Fly/Sprites/Bird/hurt/player_hurt_f01.png
  artifactKey: Guid(fb3c8d55a8b7ecf4cb69d9a7f2c682c3) Importer(815301076,1909f56bfc062723c751e8b465ee728b)
Start importing Assets/Sprite Pack/Tap and Fly/Sprites/Bird/hurt/player_hurt_f01.png using Guid(fb3c8d55a8b7ecf4cb69d9a7f2c682c3) Importer(815301076,1909f56bfc062723c751e8b465ee728b)  -> (artifact id: '3554ed69d1fcb5a1d0ee0324a529ea91') in 0.033535 seconds
  Import took 0.041773 seconds .

========================================================================
Received Import Request.
  Time since last request: 0.000408 seconds.
  path: Assets/Pixel Adventure 1/Assets/Traps/Trampoline/Jump (28x28).png
  artifactKey: Guid(5f67602c85a27a847aed4d15b8e0339e) Importer(815301076,1909f56bfc062723c751e8b465ee728b)
Start importing Assets/Pixel Adventure 1/Assets/Traps/Trampoline/Jump (28x28).png using Guid(5f67602c85a27a847aed4d15b8e0339e) Importer(815301076,1909f56bfc062723c751e8b465ee728b)  -> (artifact id: '0b83408901ec077b2a03a015fb6dc7b7') in 0.085971 seconds
  Import took 0.096500 seconds .

========================================================================
Received Import Request.
  Time since last request: 0.000522 seconds.
  path: Assets/Sprite Pack/Tap and Fly/Sprites/Bird/fly_3/player_fly_f03_green.png
  artifactKey: Guid(2d7533be547eb52438c945c4a66b9cd1) Importer(815301076,1909f56bfc062723c751e8b465ee728b)
Start importing Assets/Sprite Pack/Tap and Fly/Sprites/Bird/fly_3/player_fly_f03_green.png using Guid(2d7533be547eb52438c945c4a66b9cd1) Importer(815301076,1909f56bfc062723c751e8b465ee728b)  -> (artifact id: 'f6aaef066bd3eb8ff9a6b2f1840fcf8d') in 0.034837 seconds
  Import took 0.043451 seconds .

========================================================================
Received Import Request.
  Time since last request: 0.000484 seconds.
  path: Assets/Sprite Pack/Tap and Fly/Sprites/Bird/fly_3/player_fly_f03_purple.png
  artifactKey: Guid(b2025e974d1539a488567fdfefe208e7) Importer(815301076,1909f56bfc062723c751e8b465ee728b)
Start importing Assets/Sprite Pack/Tap and Fly/Sprites/Bird/fly_3/player_fly_f03_purple.png using Guid(b2025e974d1539a488567fdfefe208e7) Importer(815301076,1909f56bfc062723c751e8b465ee728b)  -> (artifact id: 'c709379ff509dc2e4602a97952b44ece') in 0.033315 seconds
  Import took 0.043445 seconds .

========================================================================
Received Import Request.
  Time since last request: 0.000361 seconds.
  path: Assets/Sprite Pack/Tap and Fly/Sprites/Bird/fly_1/player_fly_f01.png
  artifactKey: Guid(0d4bbe41add6d154b8ef11190586dc18) Importer(815301076,1909f56bfc062723c751e8b465ee728b)
Start importing Assets/Sprite Pack/Tap and Fly/Sprites/Bird/fly_1/player_fly_f01.png using Guid(0d4bbe41add6d154b8ef11190586dc18) Importer(815301076,1909f56bfc062723c751e8b465ee728b)  -> (artifact id: '0282b6765308b0bdc33bc0c274a5abaa') in 0.031065 seconds
  Import took 0.037013 seconds .

========================================================================
Received Import Request.
  Time since last request: 0.000302 seconds.
  path: Assets/Sprite Pack/Tap and Fly/Sprites/Bird/fly_1/player_fly_f01_purple.png
  artifactKey: Guid(91fa4d8521cb2fc478c46cbc943254eb) Importer(815301076,1909f56bfc062723c751e8b465ee728b)
Start importing Assets/Sprite Pack/Tap and Fly/Sprites/Bird/fly_1/player_fly_f01_purple.png using Guid(91fa4d8521cb2fc478c46cbc943254eb) Importer(815301076,1909f56bfc062723c751e8b465ee728b)  -> (artifact id: '05a9022f7f41a2048b75535e70f6a052') in 0.035766 seconds
  Import took 0.042583 seconds .

========================================================================
Received Import Request.
  Time since last request: 0.000344 seconds.
  path: Assets/Pixel Adventure 1/Assets/Main Characters/Ninja Frog/Jump (32x32).png
  artifactKey: Guid(4872bd1108769a946a6acb68dc156fcf) Importer(815301076,1909f56bfc062723c751e8b465ee728b)
Start importing Assets/Pixel Adventure 1/Assets/Main Characters/Ninja Frog/Jump (32x32).png using Guid(4872bd1108769a946a6acb68dc156fcf) Importer(815301076,1909f56bfc062723c751e8b465ee728b)  -> (artifact id: '6f9a11c8fc5c172d181644aa4a1a5b64') in 0.043128 seconds
  Import took 0.050594 seconds .

========================================================================
Received Import Request.
  Time since last request: 0.000525 seconds.
  path: Assets/Pixel Adventure 1/Assets/Main Characters/Mask Dude/Jump (32x32).png
  artifactKey: Guid(2d728ff08787c6640bbe4984c7ff018b) Importer(815301076,1909f56bfc062723c751e8b465ee728b)
Start importing Assets/Pixel Adventure 1/Assets/Main Characters/Mask Dude/Jump (32x32).png using Guid(2d728ff08787c6640bbe4984c7ff018b) Importer(815301076,1909f56bfc062723c751e8b465ee728b)  -> (artifact id: '32fcd83c91a328c4275232d687e4966a') in 0.040343 seconds
  Import took 0.047164 seconds .

========================================================================
Received Import Request.
  Time since last request: 0.000335 seconds.
  path: Assets/Sprite Pack/Tap and Fly/Sprites/Bird/idle_4/player_idle_f04_purple.png
  artifactKey: Guid(df0c62274208cb04b936b28cd7bad87c) Importer(815301076,1909f56bfc062723c751e8b465ee728b)
Start importing Assets/Sprite Pack/Tap and Fly/Sprites/Bird/idle_4/player_idle_f04_purple.png using Guid(df0c62274208cb04b936b28cd7bad87c) Importer(815301076,1909f56bfc062723c751e8b465ee728b)  -> (artifact id: 'b2c7a01057986c4f912ed6408211a1e3') in 0.033040 seconds
  Import took 0.039948 seconds .

========================================================================
Received Import Request.
  Time since last request: 0.000374 seconds.
  path: Assets/Sprite Pack/Tap and Fly/Sprites/Bird/fly_3/player_fly_f03_red.png
  artifactKey: Guid(25f1713462aeb144d82ad99f5ad3018a) Importer(815301076,1909f56bfc062723c751e8b465ee728b)
Start importing Assets/Sprite Pack/Tap and Fly/Sprites/Bird/fly_3/player_fly_f03_red.png using Guid(25f1713462aeb144d82ad99f5ad3018a) Importer(815301076,1909f56bfc062723c751e8b465ee728b)  -> (artifact id: '20b91d036e7f2a893bcaa1ddb50cf9a2') in 0.032341 seconds
  Import took 0.040829 seconds .

========================================================================
Received Import Request.
  Time since last request: 0.000389 seconds.
  path: Assets/Pixel Adventure 1/Assets/Traps/Blocks/Part 1 (22x22).png
  artifactKey: Guid(09f4b8f50dab5b34495ea64fc80b3047) Importer(815301076,1909f56bfc062723c751e8b465ee728b)
Start importing Assets/Pixel Adventure 1/Assets/Traps/Blocks/Part 1 (22x22).png using Guid(09f4b8f50dab5b34495ea64fc80b3047) Importer(815301076,1909f56bfc062723c751e8b465ee728b)  -> (artifact id: '11910ac96ef9c47eaefc8562939cb191') in 0.064217 seconds
  Import took 0.074268 seconds .

========================================================================
Received Import Request.
  Time since last request: 0.000416 seconds.
  path: Assets/Sprite Pack/Tap and Fly/Sprites/Bird/idle_3/player_idle_f03_blue.png
  artifactKey: Guid(effbf9d9b81d49f42ae33c32d501dcc8) Importer(815301076,1909f56bfc062723c751e8b465ee728b)
Start importing Assets/Sprite Pack/Tap and Fly/Sprites/Bird/idle_3/player_idle_f03_blue.png using Guid(effbf9d9b81d49f42ae33c32d501dcc8) Importer(815301076,1909f56bfc062723c751e8b465ee728b)  -> (artifact id: '7a7a778c70656093b667c5ba73c3cfe8') in 0.035057 seconds
  Import took 0.043739 seconds .

========================================================================
Received Import Request.
  Time since last request: 0.000325 seconds.
  path: Assets/Pixel Adventure 1/Assets/Main Characters/Virtual Guy/Jump (32x32).png
  artifactKey: Guid(320f4eb52e227b446830a1f6fd691fca) Importer(815301076,1909f56bfc062723c751e8b465ee728b)
Start importing Assets/Pixel Adventure 1/Assets/Main Characters/Virtual Guy/Jump (32x32).png using Guid(320f4eb52e227b446830a1f6fd691fca) Importer(815301076,1909f56bfc062723c751e8b465ee728b)  -> (artifact id: '1837efa22d0efec5f768597555b6c63a') in 0.039941 seconds
  Import took 0.047001 seconds .

========================================================================
Received Import Request.
  Time since last request: 0.000392 seconds.
  path: Assets/Pixel Adventure 1/Assets/Traps/Falling Platforms/On (32x10).png
  artifactKey: Guid(a8be9d80391091641bb9404b3f4dd067) Importer(815301076,1909f56bfc062723c751e8b465ee728b)
Start importing Assets/Pixel Adventure 1/Assets/Traps/Falling Platforms/On (32x10).png using Guid(a8be9d80391091641bb9404b3f4dd067) Importer(815301076,1909f56bfc062723c751e8b465ee728b)  -> (artifact id: '5ac23b64c59008e071ede37125690d01') in 0.061805 seconds
  Import took 0.069810 seconds .

========================================================================
Received Import Request.
  Time since last request: 0.000380 seconds.
  path: Assets/Sprite Pack/Tap and Fly/Sprites/Bird/hurt/player_hurt_f01_blue.png
  artifactKey: Guid(2d0d28b0976069c418c7684937fb52ca) Importer(815301076,1909f56bfc062723c751e8b465ee728b)
Start importing Assets/Sprite Pack/Tap and Fly/Sprites/Bird/hurt/player_hurt_f01_blue.png using Guid(2d0d28b0976069c418c7684937fb52ca) Importer(815301076,1909f56bfc062723c751e8b465ee728b)  -> (artifact id: 'e5f9ee2bab840da0c9af50eeea9720ef') in 0.033203 seconds
  Import took 0.041405 seconds .

========================================================================
Received Import Request.
  Time since last request: 0.000425 seconds.
  path: Assets/Sprite Pack/Tap and Fly/Sprites/Bird/idle_1/player_idle_f01_red.png
  artifactKey: Guid(1a184371e071cc849ba64e383b049564) Importer(815301076,1909f56bfc062723c751e8b465ee728b)
Start importing Assets/Sprite Pack/Tap and Fly/Sprites/Bird/idle_1/player_idle_f01_red.png using Guid(1a184371e071cc849ba64e383b049564) Importer(815301076,1909f56bfc062723c751e8b465ee728b)  -> (artifact id: '62c6d6f55314ce2b76eb23e1c0217f11') in 0.084236 seconds
  Import took 0.093367 seconds .

========================================================================
Received Import Request.
  Time since last request: 0.000541 seconds.
  path: Assets/Sprite Pack/Tap and Fly/Sprites/Bird/hurt/player_hurt_f01_red.png
  artifactKey: Guid(cbcb37c82b2febb4ab8c60a7b35f03ef) Importer(815301076,1909f56bfc062723c751e8b465ee728b)
Start importing Assets/Sprite Pack/Tap and Fly/Sprites/Bird/hurt/player_hurt_f01_red.png using Guid(cbcb37c82b2febb4ab8c60a7b35f03ef) Importer(815301076,1909f56bfc062723c751e8b465ee728b)  -> (artifact id: '3f82fad23488835f5c1dc4fd827bf144') in 0.045796 seconds
  Import took 0.054874 seconds .

========================================================================
Received Import Request.
  Time since last request: 0.000397 seconds.
  path: Assets/Sprite Pack/Tap and Fly/Sprites/Bird/idle_1/player_idle_f01_blue.png
  artifactKey: Guid(121e4620f330eab4abdbbcc32ace90fc) Importer(815301076,1909f56bfc062723c751e8b465ee728b)
Start importing Assets/Sprite Pack/Tap and Fly/Sprites/Bird/idle_1/player_idle_f01_blue.png using Guid(121e4620f330eab4abdbbcc32ace90fc) Importer(815301076,1909f56bfc062723c751e8b465ee728b)  -> (artifact id: 'e1abbbe3e58bbabcd60b1feee16f8b2b') in 0.039613 seconds
  Import took 0.050337 seconds .

========================================================================
Received Import Request.
  Time since last request: 0.000393 seconds.
  path: Assets/Pixel Adventure 1/Assets/Background/Pink.png
  artifactKey: Guid(348c3b734b11d3b4aa5c69e25b7113e6) Importer(815301076,1909f56bfc062723c751e8b465ee728b)
Start importing Assets/Pixel Adventure 1/Assets/Background/Pink.png using Guid(348c3b734b11d3b4aa5c69e25b7113e6) Importer(815301076,1909f56bfc062723c751e8b465ee728b)  -> (artifact id: '1ca2b14771a57b22ad999d73c504a240') in 0.055542 seconds
  Import took 0.063396 seconds .

========================================================================
Received Import Request.
  Time since last request: 0.000775 seconds.
  path: Assets/Sprite Pack/Tap and Fly/Sprites/Bird/idle_1/player_idle_f01_green.png
  artifactKey: Guid(681e596ba0654c94eaa0ec73d681921c) Importer(815301076,1909f56bfc062723c751e8b465ee728b)
Start importing Assets/Sprite Pack/Tap and Fly/Sprites/Bird/idle_1/player_idle_f01_green.png using Guid(681e596ba0654c94eaa0ec73d681921c) Importer(815301076,1909f56bfc062723c751e8b465ee728b)  -> (artifact id: '18ec9cd9166ec68a3bac5d0650ed6b37') in 0.032612 seconds
  Import took 0.038936 seconds .

========================================================================
Received Import Request.
  Time since last request: 0.000412 seconds.
  path: Assets/Pixel Adventure 1/Assets/Main Characters/Pink Man/Jump (32x32).png
  artifactKey: Guid(edbf2f282f3feb940b6238d4d339ada4) Importer(815301076,1909f56bfc062723c751e8b465ee728b)
Start importing Assets/Pixel Adventure 1/Assets/Main Characters/Pink Man/Jump (32x32).png using Guid(edbf2f282f3feb940b6238d4d339ada4) Importer(815301076,1909f56bfc062723c751e8b465ee728b)  -> (artifact id: 'f8e0296ace80cb366171be11e181b8c6') in 0.046055 seconds
  Import took 0.056014 seconds .

========================================================================
Received Import Request.
  Time since last request: 0.000507 seconds.
  path: Assets/Sprite Pack/Tap and Fly/Sprites/Bird/idle_4/player_idle_f04_blue.png
  artifactKey: Guid(b37b2dab68fdb2049a49afb49f72f439) Importer(815301076,1909f56bfc062723c751e8b465ee728b)
Start importing Assets/Sprite Pack/Tap and Fly/Sprites/Bird/idle_4/player_idle_f04_blue.png using Guid(b37b2dab68fdb2049a49afb49f72f439) Importer(815301076,1909f56bfc062723c751e8b465ee728b)  -> (artifact id: '5567211794e099d0d4cb60f194879b9e') in 0.213117 seconds
  Import took 0.228824 seconds .

========================================================================
Received Import Request.
  Time since last request: 0.001239 seconds.
  path: Assets/Sprite Pack/Tap and Fly/Sprites/Bird/fly_1/player_fly_f01_green.png
  artifactKey: Guid(2fda54bd78a0b4b41b8a4a1790b24bb2) Importer(815301076,1909f56bfc062723c751e8b465ee728b)
Start importing Assets/Sprite Pack/Tap and Fly/Sprites/Bird/fly_1/player_fly_f01_green.png using Guid(2fda54bd78a0b4b41b8a4a1790b24bb2) Importer(815301076,1909f56bfc062723c751e8b465ee728b)  -> (artifact id: '7a77c2acdf123a91ce189a3367860564') in 0.069528 seconds
  Import took 0.130027 seconds .

========================================================================
Received Import Request.
  Time since last request: 0.000673 seconds.
  path: Assets/Sprite Pack/Tap and Fly/Sprites/Bird/idle_1/player_idle_f01_purple.png
  artifactKey: Guid(29b91d46fe7ba784f964be95d8f2a891) Importer(815301076,1909f56bfc062723c751e8b465ee728b)
Start importing Assets/Sprite Pack/Tap and Fly/Sprites/Bird/idle_1/player_idle_f01_purple.png using Guid(29b91d46fe7ba784f964be95d8f2a891) Importer(815301076,1909f56bfc062723c751e8b465ee728b)  -> (artifact id: 'af55b4c296f21013fe222d0109280dec') in 0.170222 seconds
  Import took 0.181589 seconds .

========================================================================
Received Import Request.
  Time since last request: 0.000364 seconds.
  path: Assets/Sprite Pack/Tap and Fly/Sprites/Bird/idle_4/player_idle_f04_green.png
  artifactKey: Guid(52a4e388ca77f614dbce52f573496423) Importer(815301076,1909f56bfc062723c751e8b465ee728b)
Start importing Assets/Sprite Pack/Tap and Fly/Sprites/Bird/idle_4/player_idle_f04_green.png using Guid(52a4e388ca77f614dbce52f573496423) Importer(815301076,1909f56bfc062723c751e8b465ee728b)  -> (artifact id: 'ea93341f6718e56b38be801836d37c5a') in 0.038277 seconds
  Import took 0.047096 seconds .

========================================================================
Received Import Request.
  Time since last request: 0.000460 seconds.
  path: Assets/Sprite Pack/Tap and Fly/Sprites/Bird/fly_1/player_fly_f01_blue.png
  artifactKey: Guid(801cf1460508ca640836551ab34a1863) Importer(815301076,1909f56bfc062723c751e8b465ee728b)
Start importing Assets/Sprite Pack/Tap and Fly/Sprites/Bird/fly_1/player_fly_f01_blue.png using Guid(801cf1460508ca640836551ab34a1863) Importer(815301076,1909f56bfc062723c751e8b465ee728b)  -> (artifact id: '161fae9faa6df49f352242ef12181f36') in 0.033179 seconds
  Import took 0.039411 seconds .

========================================================================
Received Import Request.
  Time since last request: 42.636580 seconds.
  path: Assets/Sprite Pack/Tap and Fly/Sprites/Bird/idle_1
  artifactKey: Guid(cc7d8ef6c2ac5f045b694be394a7d979) Importer(815301076,1909f56bfc062723c751e8b465ee728b)
Start importing Assets/Sprite Pack/Tap and Fly/Sprites/Bird/idle_1 using Guid(cc7d8ef6c2ac5f045b694be394a7d979) Importer(815301076,1909f56bfc062723c751e8b465ee728b)  -> (artifact id: '15be6364df378114a9268fd3c3eb76f8') in 0.016250 seconds
  Import took 0.022032 seconds .

========================================================================
Received Import Request.
  Time since last request: 7.173109 seconds.
  path: Assets/Sprite Pack/Tap and Fly/Sprites/Bird/idle_2
  artifactKey: Guid(65ca636b896d04745841ea5bb5e1fef3) Importer(815301076,1909f56bfc062723c751e8b465ee728b)
Start importing Assets/Sprite Pack/Tap and Fly/Sprites/Bird/idle_2 using Guid(65ca636b896d04745841ea5bb5e1fef3) Importer(815301076,1909f56bfc062723c751e8b465ee728b)  -> (artifact id: '99c375d1063258e3d24c8dcb8b96b3ff') in 0.019773 seconds
  Import took 0.028028 seconds .

========================================================================
Received Prepare
Registering precompiled user dll's ...
Registered in 0.003531 seconds.
Begin MonoManager ReloadAssembly
Native extension for WindowsStandalone target not found
Refreshing native plugins compatible for Editor in 0.84 ms, found 1 plugins.
Preloading 0 native plugins for Editor in 0.00 ms.
Mono: successfully reloaded assembly
- Completed reload, in  2.175 seconds
Platform modules already initialized, skipping
Refreshing native plugins compatible for Editor in 0.58 ms, found 1 plugins.
Preloading 0 native plugins for Editor in 0.00 ms.
Unloading 1811 Unused Serialized files (Serialized files now loaded: 0)
System memory in use before: 88.6 MB.
System memory in use after: 88.6 MB.

Unloading 12 unused Assets to reduce memory usage. Loaded Objects now: 2283.
Total: 3.403200 ms (FindLiveObjects: 0.541500 ms CreateObjectMapping: 0.145700 ms MarkObjects: 2.552200 ms  DeleteObjects: 0.161800 ms)

========================================================================
Received Import Request.
  Time since last request: 64.347590 seconds.
  path: Assets/Sprite Pack/Tap and Fly/Sprites/Bird/idle
  artifactKey: Guid(468cdad1ee1b27340b6210ed11586915) Importer(815301076,1909f56bfc062723c751e8b465ee728b)
Start importing Assets/Sprite Pack/Tap and Fly/Sprites/Bird/idle using Guid(468cdad1ee1b27340b6210ed11586915) Importer(815301076,1909f56bfc062723c751e8b465ee728b)  -> (artifact id: 'f0ae9d25b58fae3799f22b702c9d213c') in 0.014705 seconds
  Import took 0.020082 seconds .

========================================================================
Received Import Request.
  Time since last request: 2526.962409 seconds.
  path: Assets/Scenes/Level1.unity
  artifactKey: Guid(2cda990e2423bbf4892e6590ba056729) Importer(815301076,1909f56bfc062723c751e8b465ee728b)
Start importing Assets/Scenes/Level1.unity using Guid(2cda990e2423bbf4892e6590ba056729) Importer(815301076,1909f56bfc062723c751e8b465ee728b)  -> (artifact id: '3b740cb661a5e01d8c23b5a3e789f379') in 0.125556 seconds
  Import took 0.230171 seconds .

========================================================================
Received Prepare
Registering precompiled user dll's ...
Registered in 0.002948 seconds.
Begin MonoManager ReloadAssembly
Native extension for WindowsStandalone target not found
Refreshing native plugins compatible for Editor in 0.58 ms, found 1 plugins.
Preloading 0 native plugins for Editor in 0.00 ms.
Mono: successfully reloaded assembly
- Completed reload, in  1.816 seconds
Platform modules already initialized, skipping
Refreshing native plugins compatible for Editor in 0.58 ms, found 1 plugins.
Preloading 0 native plugins for Editor in 0.00 ms.
Unloading 1811 Unused Serialized files (Serialized files now loaded: 0)
System memory in use before: 88.7 MB.
System memory in use after: 88.6 MB.

Unloading 12 unused Assets to reduce memory usage. Loaded Objects now: 2287.
Total: 4.350300 ms (FindLiveObjects: 0.550400 ms CreateObjectMapping: 0.191900 ms MarkObjects: 3.441800 ms  DeleteObjects: 0.164100 ms)

========================================================================
Received Prepare
Registering precompiled user dll's ...
Registered in 0.001850 seconds.
Begin MonoManager ReloadAssembly
Native extension for WindowsStandalone target not found
Refreshing native plugins compatible for Editor in 0.56 ms, found 1 plugins.
Preloading 0 native plugins for Editor in 0.00 ms.
Mono: successfully reloaded assembly
- Completed reload, in  1.753 seconds
Platform modules already initialized, skipping
Refreshing native plugins compatible for Editor in 0.64 ms, found 1 plugins.
Preloading 0 native plugins for Editor in 0.00 ms.
Unloading 1811 Unused Serialized files (Serialized files now loaded: 0)
System memory in use before: 88.7 MB.
System memory in use after: 88.7 MB.

Unloading 12 unused Assets to reduce memory usage. Loaded Objects now: 2291.
Total: 3.503000 ms (FindLiveObjects: 0.233600 ms CreateObjectMapping: 0.086100 ms MarkObjects: 3.022000 ms  DeleteObjects: 0.158800 ms)

========================================================================
Received Import Request.
  Time since last request: 418.036092 seconds.
  path: Assets/Sprite Pack/Tap and Fly/Sprites/Bird/BirdAnimations/player_idle_f01 1.controller
  artifactKey: Guid(b7788c29bd4bbed46a82293d5893133b) Importer(815301076,1909f56bfc062723c751e8b465ee728b)
Start importing Assets/Sprite Pack/Tap and Fly/Sprites/Bird/BirdAnimations/player_idle_f01 1.controller using Guid(b7788c29bd4bbed46a82293d5893133b) Importer(815301076,1909f56bfc062723c751e8b465ee728b)  -> (artifact id: '24d01307d9c2be7345b4eb8460068d88') in 0.051717 seconds
  Import took 0.059249 seconds .

========================================================================
Received Import Request.
  Time since last request: 19290.496788 seconds.
  path: Assets/Scenes/Level1.unity
  artifactKey: Guid(2cda990e2423bbf4892e6590ba056729) Importer(815301076,1909f56bfc062723c751e8b465ee728b)
Start importing Assets/Scenes/Level1.unity using Guid(2cda990e2423bbf4892e6590ba056729) Importer(815301076,1909f56bfc062723c751e8b465ee728b)  -> (artifact id: 'fc51f4286eef2d0bebc378b840af1148') in 0.019071 seconds
  Import took 0.037102 seconds .

========================================================================
Received Import Request.
  Time since last request: 0.003866 seconds.
  path: Assets/Scenes/Level1.unity
  artifactKey: Guid(2cda990e2423bbf4892e6590ba056729) Importer(815301076,1909f56bfc062723c751e8b465ee728b)
Start importing Assets/Scenes/Level1.unity using Guid(2cda990e2423bbf4892e6590ba056729) Importer(815301076,1909f56bfc062723c751e8b465ee728b)  -> (artifact id: 'fc51f4286eef2d0bebc378b840af1148') in 0.006470 seconds
  Import took 0.029568 seconds .

========================================================================
Received Prepare
Registering precompiled user dll's ...
Registered in 0.003164 seconds.
Begin MonoManager ReloadAssembly
Native extension for WindowsStandalone target not found
Refreshing native plugins compatible for Editor in 2.46 ms, found 1 plugins.
Preloading 0 native plugins for Editor in 0.00 ms.
Mono: successfully reloaded assembly
- Completed reload, in  4.283 seconds
Platform modules already initialized, skipping
Refreshing native plugins compatible for Editor in 0.97 ms, found 1 plugins.
Preloading 0 native plugins for Editor in 0.00 ms.
Unloading 1811 Unused Serialized files (Serialized files now loaded: 0)
System memory in use before: 88.7 MB.
System memory in use after: 88.7 MB.

Unloading 12 unused Assets to reduce memory usage. Loaded Objects now: 2295.
Total: 8.400800 ms (FindLiveObjects: 0.465600 ms CreateObjectMapping: 0.199800 ms MarkObjects: 7.064300 ms  DeleteObjects: 0.668400 ms)

========================================================================
Received Prepare
Registering precompiled user dll's ...
Registered in 0.003683 seconds.
Begin MonoManager ReloadAssembly
Native extension for WindowsStandalone target not found
Refreshing native plugins compatible for Editor in 0.79 ms, found 1 plugins.
Preloading 0 native plugins for Editor in 0.00 ms.
Mono: successfully reloaded assembly
- Completed reload, in  3.013 seconds
Platform modules already initialized, skipping
Refreshing native plugins compatible for Editor in 1.30 ms, found 1 plugins.
Preloading 0 native plugins for Editor in 0.00 ms.
Unloading 1811 Unused Serialized files (Serialized files now loaded: 0)
System memory in use before: 88.8 MB.
System memory in use after: 88.7 MB.

Unloading 12 unused Assets to reduce memory usage. Loaded Objects now: 2299.
Total: 5.582100 ms (FindLiveObjects: 0.370100 ms CreateObjectMapping: 0.181100 ms MarkObjects: 4.806500 ms  DeleteObjects: 0.221500 ms)

========================================================================
Received Prepare
Registering precompiled user dll's ...
Registered in 0.002128 seconds.
Begin MonoManager ReloadAssembly
Native extension for WindowsStandalone target not found
Refreshing native plugins compatible for Editor in 1.16 ms, found 1 plugins.
Preloading 0 native plugins for Editor in 0.00 ms.
Mono: successfully reloaded assembly
- Completed reload, in  2.484 seconds
Platform modules already initialized, skipping
Refreshing native plugins compatible for Editor in 0.54 ms, found 1 plugins.
Preloading 0 native plugins for Editor in 0.00 ms.
Unloading 1811 Unused Serialized files (Serialized files now loaded: 0)
System memory in use before: 88.8 MB.
System memory in use after: 88.7 MB.

Unloading 12 unused Assets to reduce memory usage. Loaded Objects now: 2303.
Total: 3.407700 ms (FindLiveObjects: 0.247400 ms CreateObjectMapping: 0.145000 ms MarkObjects: 2.835700 ms  DeleteObjects: 0.177400 ms)

========================================================================
Received Import Request.
  Time since last request: 8449.423702 seconds.
  path: Assets/Sprite Pack/Tap and Fly/Sprites/Bird/idle/idle_4
  artifactKey: Guid(fa723c528c8d2214bbd2c4b2f9717120) Importer(815301076,1909f56bfc062723c751e8b465ee728b)
Start importing Assets/Sprite Pack/Tap and Fly/Sprites/Bird/idle/idle_4 using Guid(fa723c528c8d2214bbd2c4b2f9717120) Importer(815301076,1909f56bfc062723c751e8b465ee728b)  -> (artifact id: '13a4ac78c21cb39cde81b868663604fd') in 0.040251 seconds
  Import took 0.052918 seconds .

========================================================================
Received Import Request.
  Time since last request: 3.828306 seconds.
  path: Assets/Sprite Pack/Tap and Fly/Sprites/Bird/idle/idle_3
  artifactKey: Guid(97227f329e739be458c3a35352c138ec) Importer(815301076,1909f56bfc062723c751e8b465ee728b)
Start importing Assets/Sprite Pack/Tap and Fly/Sprites/Bird/idle/idle_3 using Guid(97227f329e739be458c3a35352c138ec) Importer(815301076,1909f56bfc062723c751e8b465ee728b)  -> (artifact id: 'd405a44baeb2176d548728a4b05f7955') in 0.056378 seconds
  Import took 0.071164 seconds .

========================================================================
Received Import Request.
  Time since last request: 5.074998 seconds.
  path: Assets/Sprite Pack/Tap and Fly/Sprites/Bird/idle/idle_1
  artifactKey: Guid(953d7ee5e618a0d4f93b1699a142f19a) Importer(815301076,1909f56bfc062723c751e8b465ee728b)
Start importing Assets/Sprite Pack/Tap and Fly/Sprites/Bird/idle/idle_1 using Guid(953d7ee5e618a0d4f93b1699a142f19a) Importer(815301076,1909f56bfc062723c751e8b465ee728b)  -> (artifact id: '72401f2c7e5c64d40ce806f414dedce7') in 0.025121 seconds
  Import took 0.042191 seconds .

========================================================================
Received Prepare
Registering precompiled user dll's ...
Registered in 0.003738 seconds.
Begin MonoManager ReloadAssembly
Native extension for WindowsStandalone target not found
Refreshing native plugins compatible for Editor in 1.10 ms, found 1 plugins.
Preloading 0 native plugins for Editor in 0.00 ms.
Mono: successfully reloaded assembly
- Completed reload, in  2.933 seconds
Platform modules already initialized, skipping
Refreshing native plugins compatible for Editor in 0.55 ms, found 1 plugins.
Preloading 0 native plugins for Editor in 0.00 ms.
Unloading 1811 Unused Serialized files (Serialized files now loaded: 0)
System memory in use before: 88.8 MB.
System memory in use after: 88.8 MB.

Unloading 12 unused Assets to reduce memory usage. Loaded Objects now: 2307.
Total: 3.289900 ms (FindLiveObjects: 0.295500 ms CreateObjectMapping: 0.125300 ms MarkObjects: 2.542000 ms  DeleteObjects: 0.324700 ms)

========================================================================
Received Prepare
Registering precompiled user dll's ...
Registered in 0.002779 seconds.
Begin MonoManager ReloadAssembly
Native extension for WindowsStandalone target not found
Refreshing native plugins compatible for Editor in 0.92 ms, found 1 plugins.
Preloading 0 native plugins for Editor in 0.00 ms.
Mono: successfully reloaded assembly
- Completed reload, in  1.996 seconds
Platform modules already initialized, skipping
Refreshing native plugins compatible for Editor in 1.68 ms, found 1 plugins.
Preloading 0 native plugins for Editor in 0.00 ms.
Unloading 1811 Unused Serialized files (Serialized files now loaded: 0)
System memory in use before: 88.8 MB.
System memory in use after: 88.8 MB.

Unloading 12 unused Assets to reduce memory usage. Loaded Objects now: 2311.
Total: 4.721000 ms (FindLiveObjects: 0.447000 ms CreateObjectMapping: 0.172000 ms MarkObjects: 3.781600 ms  DeleteObjects: 0.317400 ms)

========================================================================
Received Prepare
Registering precompiled user dll's ...
Registered in 0.001972 seconds.
Begin MonoManager ReloadAssembly
Native extension for WindowsStandalone target not found
Refreshing native plugins compatible for Editor in 1.14 ms, found 1 plugins.
Preloading 0 native plugins for Editor in 0.00 ms.
Mono: successfully reloaded assembly
- Completed reload, in  2.308 seconds
Platform modules already initialized, skipping
Refreshing native plugins compatible for Editor in 0.62 ms, found 1 plugins.
Preloading 0 native plugins for Editor in 0.00 ms.
Unloading 1811 Unused Serialized files (Serialized files now loaded: 0)
System memory in use before: 88.8 MB.
System memory in use after: 88.8 MB.

Unloading 12 unused Assets to reduce memory usage. Loaded Objects now: 2315.
Total: 4.118900 ms (FindLiveObjects: 0.420900 ms CreateObjectMapping: 0.117700 ms MarkObjects: 3.409100 ms  DeleteObjects: 0.169000 ms)

========================================================================
Received Prepare
Registering precompiled user dll's ...
Registered in 0.001803 seconds.
Begin MonoManager ReloadAssembly
Native extension for WindowsStandalone target not found
Refreshing native plugins compatible for Editor in 0.93 ms, found 1 plugins.
Preloading 0 native plugins for Editor in 0.00 ms.
Mono: successfully reloaded assembly
- Completed reload, in  2.919 seconds
Platform modules already initialized, skipping
Refreshing native plugins compatible for Editor in 1.10 ms, found 1 plugins.
Preloading 0 native plugins for Editor in 0.00 ms.
Unloading 1811 Unused Serialized files (Serialized files now loaded: 0)
System memory in use before: 88.8 MB.
System memory in use after: 88.8 MB.

Unloading 12 unused Assets to reduce memory usage. Loaded Objects now: 2319.
Total: 3.096600 ms (FindLiveObjects: 0.259400 ms CreateObjectMapping: 0.115400 ms MarkObjects: 2.558600 ms  DeleteObjects: 0.161600 ms)

========================================================================
Received Prepare
Registering precompiled user dll's ...
Registered in 0.003147 seconds.
Begin MonoManager ReloadAssembly
Native extension for WindowsStandalone target not found
Refreshing native plugins compatible for Editor in 0.61 ms, found 1 plugins.
Preloading 0 native plugins for Editor in 0.00 ms.
Mono: successfully reloaded assembly
- Completed reload, in  2.214 seconds
Platform modules already initialized, skipping
Refreshing native plugins compatible for Editor in 0.65 ms, found 1 plugins.
Preloading 0 native plugins for Editor in 0.00 ms.
Unloading 1811 Unused Serialized files (Serialized files now loaded: 0)
System memory in use before: 88.8 MB.
System memory in use after: 88.8 MB.

Unloading 12 unused Assets to reduce memory usage. Loaded Objects now: 2323.
Total: 5.368300 ms (FindLiveObjects: 0.889000 ms CreateObjectMapping: 0.372300 ms MarkObjects: 3.877300 ms  DeleteObjects: 0.226200 ms)

========================================================================
Received Prepare
Registering precompiled user dll's ...
Registered in 0.002205 seconds.
Begin MonoManager ReloadAssembly
Native extension for WindowsStandalone target not found
Refreshing native plugins compatible for Editor in 0.57 ms, found 1 plugins.
Preloading 0 native plugins for Editor in 0.00 ms.
Mono: successfully reloaded assembly
- Completed reload, in  2.335 seconds
Platform modules already initialized, skipping
Refreshing native plugins compatible for Editor in 0.78 ms, found 1 plugins.
Preloading 0 native plugins for Editor in 0.00 ms.
Unloading 1811 Unused Serialized files (Serialized files now loaded: 0)
System memory in use before: 88.8 MB.
System memory in use after: 88.8 MB.

Unloading 12 unused Assets to reduce memory usage. Loaded Objects now: 2327.
Total: 3.145900 ms (FindLiveObjects: 0.268000 ms CreateObjectMapping: 0.135400 ms MarkObjects: 2.576300 ms  DeleteObjects: 0.164400 ms)

========================================================================
Received Import Request.
  Time since last request: 419.146781 seconds.
  path: Assets/Sprite Pack/Tap and Fly/Sprites/Bird/idle/player_idle_f01.png
  artifactKey: Guid(2b609647d40aea34fb258bb65841bbf0) Importer(815301076,1909f56bfc062723c751e8b465ee728b)
Start importing Assets/Sprite Pack/Tap and Fly/Sprites/Bird/idle/player_idle_f01.png using Guid(2b609647d40aea34fb258bb65841bbf0) Importer(815301076,1909f56bfc062723c751e8b465ee728b)  -> (artifact id: '386c66a1d131afc3badb9751cc842d64') in 0.127828 seconds
  Import took 0.137989 seconds .

========================================================================
Received Import Request.
  Time since last request: 0.000515 seconds.
  path: Assets/Sprite Pack/Tap and Fly/Sprites/Bird/idle/player_idle_f04.png
  artifactKey: Guid(0ed740fbfaa3c4a4c94714d3fa7cd9d5) Importer(815301076,1909f56bfc062723c751e8b465ee728b)
Start importing Assets/Sprite Pack/Tap and Fly/Sprites/Bird/idle/player_idle_f04.png using Guid(0ed740fbfaa3c4a4c94714d3fa7cd9d5) Importer(815301076,1909f56bfc062723c751e8b465ee728b)  -> (artifact id: '9127171fd6474afe6726ebd03cd91a8e') in 0.055839 seconds
  Import took 0.066561 seconds .

========================================================================
Received Import Request.
  Time since last request: 0.000327 seconds.
  path: Assets/Sprite Pack/Tap and Fly/Sprites/Bird/idle/player_idle_f01.png
  artifactKey: Guid(2b609647d40aea34fb258bb65841bbf0) Importer(815301076,1909f56bfc062723c751e8b465ee728b)
Start importing Assets/Sprite Pack/Tap and Fly/Sprites/Bird/idle/player_idle_f01.png using Guid(2b609647d40aea34fb258bb65841bbf0) Importer(815301076,1909f56bfc062723c751e8b465ee728b)  -> (artifact id: '386c66a1d131afc3badb9751cc842d64') in 0.017142 seconds
  Import took 0.031617 seconds .

========================================================================
Received Import Request.
  Time since last request: 0.000327 seconds.
  path: Assets/Sprite Pack/Tap and Fly/Sprites/Bird/idle/player_idle_f03.png
  artifactKey: Guid(cb6b6a379cd0afb4aaaae5e203549780) Importer(815301076,1909f56bfc062723c751e8b465ee728b)
Start importing Assets/Sprite Pack/Tap and Fly/Sprites/Bird/idle/player_idle_f03.png using Guid(cb6b6a379cd0afb4aaaae5e203549780) Importer(815301076,1909f56bfc062723c751e8b465ee728b)  -> (artifact id: '6735570e02ddfcfde841aba916396242') in 0.030264 seconds
  Import took 0.036600 seconds .

========================================================================
Received Import Request.
  Time since last request: 0.000522 seconds.
  path: Assets/Sprite Pack/Tap and Fly/Sprites/Bird/idle/player_idle_f02.png
  artifactKey: Guid(73d117a58abba9d4dbae782a38077bd4) Importer(815301076,1909f56bfc062723c751e8b465ee728b)
Start importing Assets/Sprite Pack/Tap and Fly/Sprites/Bird/idle/player_idle_f02.png using Guid(73d117a58abba9d4dbae782a38077bd4) Importer(815301076,1909f56bfc062723c751e8b465ee728b)  -> (artifact id: '3ad807c84ccb58059082a380b539eaad') in 0.023380 seconds
  Import took 0.030794 seconds .

========================================================================
Received Import Request.
  Time since last request: 49.804636 seconds.
  path: Assets/Sprite Pack/Tap and Fly/Sprites/Bird/idle/player_idle_f01.png
  artifactKey: Guid(2b609647d40aea34fb258bb65841bbf0) Importer(815301076,1909f56bfc062723c751e8b465ee728b)
Start importing Assets/Sprite Pack/Tap and Fly/Sprites/Bird/idle/player_idle_f01.png using Guid(2b609647d40aea34fb258bb65841bbf0) Importer(815301076,1909f56bfc062723c751e8b465ee728b)  -> (artifact id: 'e70d5a8946ca7b16326514f06fe15650') in 0.080087 seconds
  Import took 0.089511 seconds .

========================================================================
Received Import Request.
  Time since last request: 8.453271 seconds.
  path: Assets/Sprite Pack/Tap and Fly/Sprites/Bird/idle/player_idle_f02.png
  artifactKey: Guid(73d117a58abba9d4dbae782a38077bd4) Importer(815301076,1909f56bfc062723c751e8b465ee728b)
Start importing Assets/Sprite Pack/Tap and Fly/Sprites/Bird/idle/player_idle_f02.png using Guid(73d117a58abba9d4dbae782a38077bd4) Importer(815301076,1909f56bfc062723c751e8b465ee728b)  -> (artifact id: '05d3586623f9c9038fdac3859a66e102') in 0.164933 seconds
  Import took 0.176665 seconds .

========================================================================
Received Import Request.
  Time since last request: 0.043308 seconds.
  path: Assets/Sprite Pack/Tap and Fly/Sprites/Bird/idle/player_idle_f04.png
  artifactKey: Guid(0ed740fbfaa3c4a4c94714d3fa7cd9d5) Importer(815301076,1909f56bfc062723c751e8b465ee728b)
Start importing Assets/Sprite Pack/Tap and Fly/Sprites/Bird/idle/player_idle_f04.png using Guid(0ed740fbfaa3c4a4c94714d3fa7cd9d5) Importer(815301076,1909f56bfc062723c751e8b465ee728b)  -> (artifact id: 'cd2c397b4eb6616c91ae7b7b7e4ed27e') in 0.045677 seconds
  Import took 0.064312 seconds .

========================================================================
Received Import Request.
  Time since last request: 0.000685 seconds.
  path: Assets/Sprite Pack/Tap and Fly/Sprites/Bird/idle/player_idle_f03.png
  artifactKey: Guid(cb6b6a379cd0afb4aaaae5e203549780) Importer(815301076,1909f56bfc062723c751e8b465ee728b)
Start importing Assets/Sprite Pack/Tap and Fly/Sprites/Bird/idle/player_idle_f03.png using Guid(cb6b6a379cd0afb4aaaae5e203549780) Importer(815301076,1909f56bfc062723c751e8b465ee728b)  -> (artifact id: '4b77aec6afe9cb9be7fd59ee624e6f94') in 0.085226 seconds
  Import took 0.097393 seconds .

========================================================================
Received Prepare
Registering precompiled user dll's ...
Registered in 0.003813 seconds.
Begin MonoManager ReloadAssembly
Native extension for WindowsStandalone target not found
Refreshing native plugins compatible for Editor in 0.58 ms, found 1 plugins.
Preloading 0 native plugins for Editor in 0.00 ms.
Mono: successfully reloaded assembly
- Completed reload, in  3.443 seconds
Platform modules already initialized, skipping
Refreshing native plugins compatible for Editor in 0.59 ms, found 1 plugins.
Preloading 0 native plugins for Editor in 0.00 ms.
Unloading 1811 Unused Serialized files (Serialized files now loaded: 0)
System memory in use before: 88.8 MB.
System memory in use after: 88.8 MB.

Unloading 12 unused Assets to reduce memory usage. Loaded Objects now: 2332.
Total: 3.300300 ms (FindLiveObjects: 0.275200 ms CreateObjectMapping: 0.142500 ms MarkObjects: 2.709400 ms  DeleteObjects: 0.171200 ms)

========================================================================
Received Prepare
Registering precompiled user dll's ...
Registered in 0.002541 seconds.
Begin MonoManager ReloadAssembly
Native extension for WindowsStandalone target not found
Refreshing native plugins compatible for Editor in 1.30 ms, found 1 plugins.
Preloading 0 native plugins for Editor in 0.00 ms.
Mono: successfully reloaded assembly
- Completed reload, in  2.357 seconds
Platform modules already initialized, skipping
Refreshing native plugins compatible for Editor in 0.61 ms, found 1 plugins.
Preloading 0 native plugins for Editor in 0.00 ms.
Unloading 1811 Unused Serialized files (Serialized files now loaded: 0)
System memory in use before: 88.8 MB.
System memory in use after: 88.8 MB.

Unloading 12 unused Assets to reduce memory usage. Loaded Objects now: 2336.
Total: 3.321400 ms (FindLiveObjects: 0.299400 ms CreateObjectMapping: 0.134000 ms MarkObjects: 2.723700 ms  DeleteObjects: 0.161700 ms)

========================================================================
Received Prepare
Registering precompiled user dll's ...
Registered in 0.002616 seconds.
Begin MonoManager ReloadAssembly
Native extension for WindowsStandalone target not found
Refreshing native plugins compatible for Editor in 1.08 ms, found 1 plugins.
Preloading 0 native plugins for Editor in 0.00 ms.
Mono: successfully reloaded assembly
- Completed reload, in  2.260 seconds
Platform modules already initialized, skipping
Refreshing native plugins compatible for Editor in 0.90 ms, found 1 plugins.
Preloading 0 native plugins for Editor in 0.00 ms.
Unloading 1811 Unused Serialized files (Serialized files now loaded: 0)
System memory in use before: 88.9 MB.
System memory in use after: 88.8 MB.

Unloading 12 unused Assets to reduce memory usage. Loaded Objects now: 2340.
Total: 4.171400 ms (FindLiveObjects: 0.767200 ms CreateObjectMapping: 0.282100 ms MarkObjects: 2.788300 ms  DeleteObjects: 0.329300 ms)

========================================================================
Received Import Request.
  Time since last request: 355.532043 seconds.
  path: Assets/Sprite Pack/Tap and Fly/Sprites/Bird/BirdAnimation
  artifactKey: Guid(c878b89e3c7e91040b466cf832e5677a) Importer(815301076,1909f56bfc062723c751e8b465ee728b)
Start importing Assets/Sprite Pack/Tap and Fly/Sprites/Bird/BirdAnimation using Guid(c878b89e3c7e91040b466cf832e5677a) Importer(815301076,1909f56bfc062723c751e8b465ee728b)  -> (artifact id: '1bcfc26ce50564826b805b2f9d478bc9') in 0.059651 seconds
  Import took 0.070111 seconds .

========================================================================
Received Import Request.
  Time since last request: 2.213621 seconds.
  path: Assets/Sprite Pack/Tap and Fly/Sprites/Bird/BirdAnimation/player_idle_f01_blue.controller
  artifactKey: Guid(0bd2551b8e17fe2419222e9054752e34) Importer(815301076,1909f56bfc062723c751e8b465ee728b)
Start importing Assets/Sprite Pack/Tap and Fly/Sprites/Bird/BirdAnimation/player_idle_f01_blue.controller using Guid(0bd2551b8e17fe2419222e9054752e34) Importer(815301076,1909f56bfc062723c751e8b465ee728b)  -> (artifact id: '6a152ede17612be723862e92ee84bbdb') in 0.052786 seconds
  Import took 0.061324 seconds .

========================================================================
Received Import Request.
  Time since last request: 2.078095 seconds.
  path: Assets/Sprite Pack/Tap and Fly/Sprites/Bird/BirdAnimation/player_idle_f01.controller
  artifactKey: Guid(093d97bf8fc78cb4cb761ea612b7b619) Importer(815301076,1909f56bfc062723c751e8b465ee728b)
Start importing Assets/Sprite Pack/Tap and Fly/Sprites/Bird/BirdAnimation/player_idle_f01.controller using Guid(093d97bf8fc78cb4cb761ea612b7b619) Importer(815301076,1909f56bfc062723c751e8b465ee728b)  -> (artifact id: '1b4cfa2ff416bea21c5a3236949d4170') in 0.032503 seconds
  Import took 0.056409 seconds .

========================================================================
Received Import Request.
  Time since last request: 4.067074 seconds.
  path: Assets/Sprite Pack/Tap and Fly/Sprites/Bird/BirdAnimation/player_idle_f01 2.controller
  artifactKey: Guid(922c7863d772c8a4081b74a06b649724) Importer(815301076,1909f56bfc062723c751e8b465ee728b)
Start importing Assets/Sprite Pack/Tap and Fly/Sprites/Bird/BirdAnimation/player_idle_f01 2.controller using Guid(922c7863d772c8a4081b74a06b649724) Importer(815301076,1909f56bfc062723c751e8b465ee728b)  -> (artifact id: '41102459a66d598e24edf69f0a176806') in 0.050341 seconds
  Import took 0.061269 seconds .

========================================================================
Received Import Request.
  Time since last request: 2.437841 seconds.
  path: Assets/Sprite Pack/Tap and Fly/Sprites/Bird/BirdAnimation/player_idle_f01 1.controller
  artifactKey: Guid(a1cfa02ac8be7cf4e9f3bd64e2b3de3c) Importer(815301076,1909f56bfc062723c751e8b465ee728b)
Start importing Assets/Sprite Pack/Tap and Fly/Sprites/Bird/BirdAnimation/player_idle_f01 1.controller using Guid(a1cfa02ac8be7cf4e9f3bd64e2b3de3c) Importer(815301076,1909f56bfc062723c751e8b465ee728b)  -> (artifact id: 'b13f7aa8a77b95632ee991847782c140') in 0.032090 seconds
  Import took 0.051166 seconds .

========================================================================
Received Prepare
Registering precompiled user dll's ...
Registered in 0.029630 seconds.
Begin MonoManager ReloadAssembly
Native extension for WindowsStandalone target not found
Refreshing native plugins compatible for Editor in 0.88 ms, found 1 plugins.
Preloading 0 native plugins for Editor in 0.00 ms.
Mono: successfully reloaded assembly
- Completed reload, in  2.444 seconds
Platform modules already initialized, skipping
Refreshing native plugins compatible for Editor in 0.55 ms, found 1 plugins.
Preloading 0 native plugins for Editor in 0.00 ms.
Unloading 1811 Unused Serialized files (Serialized files now loaded: 0)
System memory in use before: 89.1 MB.
System memory in use after: 89.1 MB.

Unloading 12 unused Assets to reduce memory usage. Loaded Objects now: 2344.
Total: 3.296400 ms (FindLiveObjects: 0.412000 ms CreateObjectMapping: 0.148300 ms MarkObjects: 2.570900 ms  DeleteObjects: 0.163200 ms)

========================================================================
Received Import Request.
  Time since last request: 545.286120 seconds.
  path: Assets/Scripts/Lives.cs
  artifactKey: Guid(c3323bc38d6fb1943bcce6519b8fa84a) Importer(815301076,1909f56bfc062723c751e8b465ee728b)
Start importing Assets/Scripts/Lives.cs using Guid(c3323bc38d6fb1943bcce6519b8fa84a) Importer(815301076,1909f56bfc062723c751e8b465ee728b)  -> (artifact id: 'ae92482522c8ce5fc86c6ddfd57e3403') in 0.064684 seconds
  Import took 0.074181 seconds .

========================================================================
Received Import Request.
  Time since last request: 17.917608 seconds.
  path: Assets/Scripts/Lives.cs
  artifactKey: Guid(c3323bc38d6fb1943bcce6519b8fa84a) Importer(815301076,1909f56bfc062723c751e8b465ee728b)
Start importing Assets/Scripts/Lives.cs using Guid(c3323bc38d6fb1943bcce6519b8fa84a) Importer(815301076,1909f56bfc062723c751e8b465ee728b)  -> (artifact id: 'c34a32501825a22ee96c1e6de192a257') in 0.019985 seconds
  Import took 0.179620 seconds .

========================================================================
Received Prepare
Registering precompiled user dll's ...
Registered in 0.001856 seconds.
Begin MonoManager ReloadAssembly
Native extension for WindowsStandalone target not found
Refreshing native plugins compatible for Editor in 1.12 ms, found 1 plugins.
Preloading 0 native plugins for Editor in 0.00 ms.
Mono: successfully reloaded assembly
- Completed reload, in  2.540 seconds
Platform modules already initialized, skipping
Refreshing native plugins compatible for Editor in 0.59 ms, found 1 plugins.
Preloading 0 native plugins for Editor in 0.00 ms.
Unloading 1811 Unused Serialized files (Serialized files now loaded: 0)
System memory in use before: 89.1 MB.
System memory in use after: 89.1 MB.

Unloading 12 unused Assets to reduce memory usage. Loaded Objects now: 2348.
Total: 3.198600 ms (FindLiveObjects: 0.270000 ms CreateObjectMapping: 0.120200 ms MarkObjects: 2.645000 ms  DeleteObjects: 0.161900 ms)

========================================================================
Received Prepare
Registering precompiled user dll's ...
Registered in 0.004153 seconds.
Begin MonoManager ReloadAssembly
Native extension for WindowsStandalone target not found
Refreshing native plugins compatible for Editor in 1.10 ms, found 1 plugins.
Preloading 0 native plugins for Editor in 0.00 ms.
Mono: successfully reloaded assembly
- Completed reload, in  2.350 seconds
Platform modules already initialized, skipping
Refreshing native plugins compatible for Editor in 0.75 ms, found 1 plugins.
Preloading 0 native plugins for Editor in 0.00 ms.
Unloading 1811 Unused Serialized files (Serialized files now loaded: 0)
System memory in use before: 89.1 MB.
System memory in use after: 89.1 MB.

Unloading 12 unused Assets to reduce memory usage. Loaded Objects now: 2352.
Total: 7.043500 ms (FindLiveObjects: 0.858100 ms CreateObjectMapping: 0.171600 ms MarkObjects: 5.554200 ms  DeleteObjects: 0.456300 ms)

========================================================================
Received Import Request.
  Time since last request: 106.068362 seconds.
  path: Assets/Scripts/LifeCollected.cs
  artifactKey: Guid(849f17b459a9f6f4bb3e6a8e345b31bb) Importer(815301076,1909f56bfc062723c751e8b465ee728b)
Start importing Assets/Scripts/LifeCollected.cs using Guid(849f17b459a9f6f4bb3e6a8e345b31bb) Importer(815301076,1909f56bfc062723c751e8b465ee728b)  -> (artifact id: 'd49e07df74b47ab63d9a0b0ef66bb569') in 0.036802 seconds
  Import took 0.055488 seconds .

========================================================================
Received Prepare
Registering precompiled user dll's ...
Registered in 0.002719 seconds.
Begin MonoManager ReloadAssembly
Native extension for WindowsStandalone target not found
Refreshing native plugins compatible for Editor in 0.56 ms, found 1 plugins.
Preloading 0 native plugins for Editor in 0.00 ms.
Mono: successfully reloaded assembly
- Completed reload, in  2.650 seconds
Platform modules already initialized, skipping
Refreshing native plugins compatible for Editor in 0.63 ms, found 1 plugins.
Preloading 0 native plugins for Editor in 0.00 ms.
Unloading 1809 Unused Serialized files (Serialized files now loaded: 0)
System memory in use before: 89.1 MB.
System memory in use after: 89.0 MB.

Unloading 14 unused Assets to reduce memory usage. Loaded Objects now: 2354.
Total: 5.867100 ms (FindLiveObjects: 1.580700 ms CreateObjectMapping: 0.322100 ms MarkObjects: 3.795900 ms  DeleteObjects: 0.165500 ms)

========================================================================
Received Prepare
Registering precompiled user dll's ...
Registered in 0.004585 seconds.
Begin MonoManager ReloadAssembly
Native extension for WindowsStandalone target not found
Refreshing native plugins compatible for Editor in 0.65 ms, found 1 plugins.
Preloading 0 native plugins for Editor in 0.00 ms.
Mono: successfully reloaded assembly
- Completed reload, in  2.778 seconds
Platform modules already initialized, skipping
Refreshing native plugins compatible for Editor in 3.13 ms, found 1 plugins.
Preloading 0 native plugins for Editor in 0.00 ms.
Unloading 1809 Unused Serialized files (Serialized files now loaded: 0)
System memory in use before: 89.1 MB.
System memory in use after: 89.0 MB.

Unloading 12 unused Assets to reduce memory usage. Loaded Objects now: 2358.
Total: 5.364000 ms (FindLiveObjects: 0.537000 ms CreateObjectMapping: 0.256700 ms MarkObjects: 4.272900 ms  DeleteObjects: 0.294700 ms)

========================================================================
Received Import Request.
  Time since last request: 504.808612 seconds.
  path: Assets/Pixel Adventure 1/Assets/Traps/Sand Mud Ice/Mud Particle.png
  artifactKey: Guid(54d83c3d1e256b340a5d5f928746a5e5) Importer(815301076,1909f56bfc062723c751e8b465ee728b)
Start importing Assets/Pixel Adventure 1/Assets/Traps/Sand Mud Ice/Mud Particle.png using Guid(54d83c3d1e256b340a5d5f928746a5e5) Importer(815301076,1909f56bfc062723c751e8b465ee728b)  -> (artifact id: '271db589c0f7f941519e18ec8c79444b') in 0.125282 seconds
  Import took 0.139831 seconds .

========================================================================
Received Import Request.
  Time since last request: 0.078840 seconds.
  path: Assets/Pixel Adventure 1/Assets/Traps/Falling Platforms/Off.png
  artifactKey: Guid(99329b87c11d1ee4f8d328e269a7073b) Importer(815301076,1909f56bfc062723c751e8b465ee728b)
Start importing Assets/Pixel Adventure 1/Assets/Traps/Falling Platforms/Off.png using Guid(99329b87c11d1ee4f8d328e269a7073b) Importer(815301076,1909f56bfc062723c751e8b465ee728b)  -> (artifact id: '7299dc2a6b7785319a76c3c4f2b5434e') in 0.063268 seconds
  Import took 0.089801 seconds .

========================================================================
Received Import Request.
  Time since last request: 0.007184 seconds.
  path: Assets/Pixel Adventure 1/Assets/Traps/Falling Platforms/Off.png
  artifactKey: Guid(99329b87c11d1ee4f8d328e269a7073b) Importer(815301076,1909f56bfc062723c751e8b465ee728b)
Start importing Assets/Pixel Adventure 1/Assets/Traps/Falling Platforms/Off.png using Guid(99329b87c11d1ee4f8d328e269a7073b) Importer(815301076,1909f56bfc062723c751e8b465ee728b)  -> (artifact id: '7299dc2a6b7785319a76c3c4f2b5434e') in 0.038708 seconds
  Import took 0.050070 seconds .

========================================================================
Received Import Request.
  Time since last request: 3.598505 seconds.
  path: Assets/Sprite Pack/Tap and Fly/Sprites/Bird/ko/player_ko_f01_blue.png
  artifactKey: Guid(b3edf0cc55b53524f84059fe5f2feded) Importer(815301076,1909f56bfc062723c751e8b465ee728b)
Start importing Assets/Sprite Pack/Tap and Fly/Sprites/Bird/ko/player_ko_f01_blue.png using Guid(b3edf0cc55b53524f84059fe5f2feded) Importer(815301076,1909f56bfc062723c751e8b465ee728b)  -> (artifact id: 'c6369d4e47f23b32df72d25dcc476ac6') in 0.060121 seconds
  Import took 0.071067 seconds .

========================================================================
Received Import Request.
  Time since last request: 0.000367 seconds.
  path: Assets/Sprite Pack/Tap and Fly/Sprites/Bird/ko/player_ko_f01_green.png
  artifactKey: Guid(436fdafaa87edf0428bfdddd6579ecee) Importer(815301076,1909f56bfc062723c751e8b465ee728b)
Start importing Assets/Sprite Pack/Tap and Fly/Sprites/Bird/ko/player_ko_f01_green.png using Guid(436fdafaa87edf0428bfdddd6579ecee) Importer(815301076,1909f56bfc062723c751e8b465ee728b)  -> (artifact id: '03e1d4aff569a63c5e012d7c24d87f9f') in 0.049842 seconds
  Import took 0.060691 seconds .

========================================================================
Received Import Request.
  Time since last request: 0.000320 seconds.
  path: Assets/Sprite Pack/Tap and Fly/Sprites/Bird/ko/player_ko_f01_blue.png
  artifactKey: Guid(b3edf0cc55b53524f84059fe5f2feded) Importer(815301076,1909f56bfc062723c751e8b465ee728b)
Start importing Assets/Sprite Pack/Tap and Fly/Sprites/Bird/ko/player_ko_f01_blue.png using Guid(b3edf0cc55b53524f84059fe5f2feded) Importer(815301076,1909f56bfc062723c751e8b465ee728b)  -> (artifact id: 'c6369d4e47f23b32df72d25dcc476ac6') in 0.019036 seconds
  Import took 0.026715 seconds .

========================================================================
Received Import Request.
  Time since last request: 0.000302 seconds.
  path: Assets/Sprite Pack/Tap and Fly/Sprites/Bird/ko/player_ko_f01_green.png
  artifactKey: Guid(436fdafaa87edf0428bfdddd6579ecee) Importer(815301076,1909f56bfc062723c751e8b465ee728b)
Start importing Assets/Sprite Pack/Tap and Fly/Sprites/Bird/ko/player_ko_f01_green.png using Guid(436fdafaa87edf0428bfdddd6579ecee) Importer(815301076,1909f56bfc062723c751e8b465ee728b)  -> (artifact id: '03e1d4aff569a63c5e012d7c24d87f9f') in 0.027381 seconds
  Import took 0.036355 seconds .

========================================================================
Received Import Request.
  Time since last request: 0.217571 seconds.
  path: Assets/Sprite Pack/Tap and Fly/Sprites/Bird/ko/player_ko_f01_purple.png
  artifactKey: Guid(12a584f73f2fe934eb02c261c07f55b2) Importer(815301076,1909f56bfc062723c751e8b465ee728b)
Start importing Assets/Sprite Pack/Tap and Fly/Sprites/Bird/ko/player_ko_f01_purple.png using Guid(12a584f73f2fe934eb02c261c07f55b2) Importer(815301076,1909f56bfc062723c751e8b465ee728b)  -> (artifact id: 'dd3200a1c56b813de0df95815b084f5f') in 0.145096 seconds
  Import took 0.152422 seconds .

========================================================================
Received Import Request.
  Time since last request: 0.000339 seconds.
  path: Assets/Pixel Adventure 1/Assets/Main Characters/Ninja Frog/Run (32x32).png
  artifactKey: Guid(e362bc6a7c79fce4db16d145d43a5550) Importer(815301076,1909f56bfc062723c751e8b465ee728b)
Start importing Assets/Pixel Adventure 1/Assets/Main Characters/Ninja Frog/Run (32x32).png using Guid(e362bc6a7c79fce4db16d145d43a5550) Importer(815301076,1909f56bfc062723c751e8b465ee728b)  -> (artifact id: '044dff43c9b9086867e128fc47fbd2d0') in 0.256003 seconds
  Import took 0.267235 seconds .

========================================================================
Received Import Request.
  Time since last request: 0.000410 seconds.
  path: Assets/Sprite Pack/Tap and Fly/Sprites/Bird/ko/player_ko_f01_red.png
  artifactKey: Guid(a3fbb23750e036c44ba2231454d7c4af) Importer(815301076,1909f56bfc062723c751e8b465ee728b)
Start importing Assets/Sprite Pack/Tap and Fly/Sprites/Bird/ko/player_ko_f01_red.png using Guid(a3fbb23750e036c44ba2231454d7c4af) Importer(815301076,1909f56bfc062723c751e8b465ee728b)  -> (artifact id: '3bbd2e9b052fcd6826f3f0bee8cd5f21') in 0.065265 seconds
  Import took 0.079299 seconds .

========================================================================
Received Import Request.
  Time since last request: 0.000473 seconds.
  path: Assets/Pixel Adventure 1/Assets/Main Characters/Virtual Guy/Run (32x32).png
  artifactKey: Guid(552146dbb8bac6f449493bca4b69540f) Importer(815301076,1909f56bfc062723c751e8b465ee728b)
Start importing Assets/Pixel Adventure 1/Assets/Main Characters/Virtual Guy/Run (32x32).png using Guid(552146dbb8bac6f449493bca4b69540f) Importer(815301076,1909f56bfc062723c751e8b465ee728b)  -> (artifact id: 'b7b54730ab5e509fc8b72dafc2e3bff5') in 0.176477 seconds
  Import took 0.185303 seconds .

========================================================================
Received Import Request.
  Time since last request: 0.000383 seconds.
  path: Assets/Pixel Adventure 1/Assets/Main Characters/Mask Dude/Run (32x32).png
  artifactKey: Guid(97d5ce53f3ac76e4888319c6a53c7ff3) Importer(815301076,1909f56bfc062723c751e8b465ee728b)
Start importing Assets/Pixel Adventure 1/Assets/Main Characters/Mask Dude/Run (32x32).png using Guid(97d5ce53f3ac76e4888319c6a53c7ff3) Importer(815301076,1909f56bfc062723c751e8b465ee728b)  -> (artifact id: 'd9b66693ef0c1089ab59d432316390f5') in 0.133498 seconds
  Import took 0.146604 seconds .

========================================================================
Received Import Request.
  Time since last request: 0.001946 seconds.
  path: Assets/Pixel Adventure 1/Assets/Main Characters/Pink Man/Run (32x32).png
  artifactKey: Guid(cdb0cc8ca9aac2a4d84c6aa3c1cbf52b) Importer(815301076,1909f56bfc062723c751e8b465ee728b)
Start importing Assets/Pixel Adventure 1/Assets/Main Characters/Pink Man/Run (32x32).png using Guid(cdb0cc8ca9aac2a4d84c6aa3c1cbf52b) Importer(815301076,1909f56bfc062723c751e8b465ee728b)  -> (artifact id: '551aa5b6356082dc256318051a6c5d83') in 0.132352 seconds
  Import took 0.143524 seconds .

========================================================================
Received Import Request.
  Time since last request: 0.012035 seconds.
  path: Assets/Pixel Adventure 1/Assets/Background/Purple.png
  artifactKey: Guid(248611cc7bb8d85448933cee393ce41e) Importer(815301076,1909f56bfc062723c751e8b465ee728b)
Start importing Assets/Pixel Adventure 1/Assets/Background/Purple.png using Guid(248611cc7bb8d85448933cee393ce41e) Importer(815301076,1909f56bfc062723c751e8b465ee728b)  -> (artifact id: '4055b2f6d4412572b557790fc208e1d9') in 0.074124 seconds
  Import took 0.085619 seconds .

========================================================================
Received Import Request.
  Time since last request: 0.005790 seconds.
  path: Assets/Pixel Adventure 1/Assets/Terrain/Terrain Sliced (16x16).png
  artifactKey: Guid(fc584d329b77b9545b9c9c8bb829e553) Importer(815301076,1909f56bfc062723c751e8b465ee728b)
Start importing Assets/Pixel Adventure 1/Assets/Terrain/Terrain Sliced (16x16).png using Guid(fc584d329b77b9545b9c9c8bb829e553) Importer(815301076,1909f56bfc062723c751e8b465ee728b)  -> (artifact id: '72cb512670914941d6efec0192675058') in 0.545488 seconds
  Import took 0.554785 seconds .

========================================================================
Received Import Request.
  Time since last request: 0.000335 seconds.
  path: Assets/Pixel Adventure 1/Assets/Main Characters/Pink Man/Wall Jump (32x32).png
  artifactKey: Guid(603abb83490921841976d0f1b2045f23) Importer(815301076,1909f56bfc062723c751e8b465ee728b)
Start importing Assets/Pixel Adventure 1/Assets/Main Characters/Pink Man/Wall Jump (32x32).png using Guid(603abb83490921841976d0f1b2045f23) Importer(815301076,1909f56bfc062723c751e8b465ee728b)  -> (artifact id: '5d77492f463c94c584b449fe8498a160') in 0.062395 seconds
  Import took 0.068914 seconds .

========================================================================
Received Import Request.
  Time since last request: 0.000298 seconds.
  path: Assets/Pixel Adventure 1/Assets/Main Characters/Mask Dude/Wall Jump (32x32).png
  artifactKey: Guid(9b7e8d8d6e9ac904dba7f59ba8b11835) Importer(815301076,1909f56bfc062723c751e8b465ee728b)
Start importing Assets/Pixel Adventure 1/Assets/Main Characters/Mask Dude/Wall Jump (32x32).png using Guid(9b7e8d8d6e9ac904dba7f59ba8b11835) Importer(815301076,1909f56bfc062723c751e8b465ee728b)  -> (artifact id: '5bbd48184cf0310fc4071a7c399ff15c') in 0.075757 seconds
  Import took 0.084702 seconds .

========================================================================
Received Import Request.
  Time since last request: 0.000427 seconds.
  path: Assets/Pixel Adventure 1/Assets/Main Characters/Virtual Guy/Wall Jump (32x32).png
  artifactKey: Guid(5a448cc07b6e09343924bf933b0cb70e) Importer(815301076,1909f56bfc062723c751e8b465ee728b)
Start importing Assets/Pixel Adventure 1/Assets/Main Characters/Virtual Guy/Wall Jump (32x32).png using Guid(5a448cc07b6e09343924bf933b0cb70e) Importer(815301076,1909f56bfc062723c751e8b465ee728b)  -> (artifact id: '2ec95256586ae21ac401db6e5cd6e387') in 0.059585 seconds
  Import took 0.074074 seconds .

========================================================================
Received Import Request.
  Time since last request: 0.000678 seconds.
  path: Assets/Pixel Adventure 1/Assets/Main Characters/Ninja Frog/Wall Jump (32x32).png
  artifactKey: Guid(3b332af1e6c55e94f8e5eb08fb4ab06b) Importer(815301076,1909f56bfc062723c751e8b465ee728b)
Start importing Assets/Pixel Adventure 1/Assets/Main Characters/Ninja Frog/Wall Jump (32x32).png using Guid(3b332af1e6c55e94f8e5eb08fb4ab06b) Importer(815301076,1909f56bfc062723c751e8b465ee728b)  -> (artifact id: 'f43fb3404842a01c9bf056c386aa9618') in 0.063253 seconds
  Import took 0.068303 seconds .

========================================================================
Received Import Request.
  Time since last request: 1.487522 seconds.
  path: Assets/Pixel Adventure 1/Assets/Background/Yellow.png
  artifactKey: Guid(4d8c75a4d7dd2a0489270e1058d82128) Importer(815301076,1909f56bfc062723c751e8b465ee728b)
Start importing Assets/Pixel Adventure 1/Assets/Background/Yellow.png using Guid(4d8c75a4d7dd2a0489270e1058d82128) Importer(815301076,1909f56bfc062723c751e8b465ee728b)  -> (artifact id: 'bc652bf4dae2381570c4fda557db1209') in 0.051734 seconds
  Import took 0.061840 seconds .

========================================================================
Received Import Request.
  Time since last request: 2.731267 seconds.
  path: Assets/Pixel Adventure 1/Assets/Terrain/Terrain (16x16) 1.png
  artifactKey: Guid(413986c4a668c374d8de72a47621b531) Importer(815301076,1909f56bfc062723c751e8b465ee728b)
Start importing Assets/Pixel Adventure 1/Assets/Terrain/Terrain (16x16) 1.png using Guid(413986c4a668c374d8de72a47621b531) Importer(815301076,1909f56bfc062723c751e8b465ee728b)  -> (artifact id: '5eb2fbcb7f879ff15c52364fa160d764') in 0.041993 seconds
  Import took 0.049447 seconds .

========================================================================
Received Import Request.
  Time since last request: 0.130058 seconds.
  path: Assets/Pixel Adventure 1/Assets/Items/Checkpoints/Start/Start (Moving) (64x64).png
  artifactKey: Guid(953d2013647e1fb479bf559fccb58994) Importer(815301076,1909f56bfc062723c751e8b465ee728b)
Start importing Assets/Pixel Adventure 1/Assets/Items/Checkpoints/Start/Start (Moving) (64x64).png using Guid(953d2013647e1fb479bf559fccb58994) Importer(815301076,1909f56bfc062723c751e8b465ee728b)  -> (artifact id: 'f09b109a06fe643d4352e6e1a7ec7e57') in 0.098008 seconds
  Import took 0.105580 seconds .

========================================================================
Received Import Request.
  Time since last request: 0.124391 seconds.
  path: Assets/Pixel Adventure 1/Assets/Items/Checkpoints/Start/Start (Idle).png
  artifactKey: Guid(3016a57ecc98e9e46b7a110ddd486ee9) Importer(815301076,1909f56bfc062723c751e8b465ee728b)
Start importing Assets/Pixel Adventure 1/Assets/Items/Checkpoints/Start/Start (Idle).png using Guid(3016a57ecc98e9e46b7a110ddd486ee9) Importer(815301076,1909f56bfc062723c751e8b465ee728b)  -> (artifact id: 'c1e449951bdcc921365fa271aaf073cf') in 0.044913 seconds
  Import took 0.055171 seconds .

========================================================================
Received Import Request.
  Time since last request: 0.472915 seconds.
  path: Assets/Pixel Adventure 1/Assets/Traps/Sand Mud Ice/Sand Mud Ice Sliced (16x6).png
  artifactKey: Guid(d436f9306d1867c44b4d0c5c013fcb7e) Importer(815301076,1909f56bfc062723c751e8b465ee728b)
Start importing Assets/Pixel Adventure 1/Assets/Traps/Sand Mud Ice/Sand Mud Ice Sliced (16x6).png using Guid(d436f9306d1867c44b4d0c5c013fcb7e) Importer(815301076,1909f56bfc062723c751e8b465ee728b)  -> (artifact id: 'df065fa9c68d84e16ea70827399e4961') in 0.177427 seconds
  Import took 0.187437 seconds .

========================================================================
Received Import Request.
  Time since last request: 0.000324 seconds.
  path: Assets/Pixel Adventure 1/Assets/Traps/Sand Mud Ice/Sand Mud Ice (16x6) 1.png
  artifactKey: Guid(6efdcf6020a7a0d41b45257fc2593b74) Importer(815301076,1909f56bfc062723c751e8b465ee728b)
Start importing Assets/Pixel Adventure 1/Assets/Traps/Sand Mud Ice/Sand Mud Ice (16x6) 1.png using Guid(6efdcf6020a7a0d41b45257fc2593b74) Importer(815301076,1909f56bfc062723c751e8b465ee728b)  -> (artifact id: '464ff837e6e817ac8e26c814d01ba374') in 0.049552 seconds
  Import took 0.055126 seconds .

========================================================================
Received Import Request.
  Time since last request: 0.000458 seconds.
  path: Assets/Pixel Adventure 1/Assets/Traps/Sand Mud Ice/Sand Particle.png
  artifactKey: Guid(4f9f5db3daca0a04fba33ee1f463fbed) Importer(815301076,1909f56bfc062723c751e8b465ee728b)
Start importing Assets/Pixel Adventure 1/Assets/Traps/Sand Mud Ice/Sand Particle.png using Guid(4f9f5db3daca0a04fba33ee1f463fbed) Importer(815301076,1909f56bfc062723c751e8b465ee728b)  -> (artifact id: '1bf71246e7bbc543beb8d57e5bdcc63e') in 0.050968 seconds
  Import took 0.058903 seconds .

========================================================================
Received Prepare
Registering precompiled user dll's ...
Registered in 0.001867 seconds.
Begin MonoManager ReloadAssembly
Native extension for WindowsStandalone target not found
Refreshing native plugins compatible for Editor in 0.57 ms, found 1 plugins.
Preloading 0 native plugins for Editor in 0.00 ms.
Mono: successfully reloaded assembly
- Completed reload, in  3.099 seconds
Platform modules already initialized, skipping
Refreshing native plugins compatible for Editor in 1.78 ms, found 1 plugins.
Preloading 0 native plugins for Editor in 0.00 ms.
Unloading 1809 Unused Serialized files (Serialized files now loaded: 0)
System memory in use before: 89.2 MB.
System memory in use after: 89.1 MB.

Unloading 12 unused Assets to reduce memory usage. Loaded Objects now: 2372.
Total: 3.780100 ms (FindLiveObjects: 0.310500 ms CreateObjectMapping: 0.132900 ms MarkObjects: 3.156300 ms  DeleteObjects: 0.177500 ms)

========================================================================
Received Prepare
Registering precompiled user dll's ...
Registered in 0.001891 seconds.
Begin MonoManager ReloadAssembly
Native extension for WindowsStandalone target not found
Refreshing native plugins compatible for Editor in 0.56 ms, found 1 plugins.
Preloading 0 native plugins for Editor in 0.00 ms.
Mono: successfully reloaded assembly
- Completed reload, in  1.778 seconds
Platform modules already initialized, skipping
Refreshing native plugins compatible for Editor in 0.55 ms, found 1 plugins.
Preloading 0 native plugins for Editor in 0.00 ms.
Unloading 1809 Unused Serialized files (Serialized files now loaded: 0)
System memory in use before: 89.2 MB.
System memory in use after: 89.2 MB.

Unloading 12 unused Assets to reduce memory usage. Loaded Objects now: 2376.
Total: 3.422000 ms (FindLiveObjects: 0.373700 ms CreateObjectMapping: 0.181000 ms MarkObjects: 2.708400 ms  DeleteObjects: 0.156700 ms)

========================================================================
Received Prepare
Registering precompiled user dll's ...
Registered in 0.003548 seconds.
Begin MonoManager ReloadAssembly
Native extension for WindowsStandalone target not found
Refreshing native plugins compatible for Editor in 0.66 ms, found 1 plugins.
Preloading 0 native plugins for Editor in 0.00 ms.
Mono: successfully reloaded assembly
- Completed reload, in  2.060 seconds
Platform modules already initialized, skipping
Refreshing native plugins compatible for Editor in 0.57 ms, found 1 plugins.
Preloading 0 native plugins for Editor in 0.00 ms.
Unloading 1809 Unused Serialized files (Serialized files now loaded: 0)
System memory in use before: 89.2 MB.
System memory in use after: 89.2 MB.

Unloading 12 unused Assets to reduce memory usage. Loaded Objects now: 2380.
Total: 3.308100 ms (FindLiveObjects: 0.335700 ms CreateObjectMapping: 0.125600 ms MarkObjects: 2.665500 ms  DeleteObjects: 0.179400 ms)

========================================================================
Received Prepare
Registering precompiled user dll's ...
Registered in 0.002087 seconds.
Begin MonoManager ReloadAssembly
Native extension for WindowsStandalone target not found
Refreshing native plugins compatible for Editor in 1.08 ms, found 1 plugins.
Preloading 0 native plugins for Editor in 0.00 ms.
Mono: successfully reloaded assembly
- Completed reload, in  1.927 seconds
Platform modules already initialized, skipping
Refreshing native plugins compatible for Editor in 0.54 ms, found 1 plugins.
Preloading 0 native plugins for Editor in 0.00 ms.
Unloading 1809 Unused Serialized files (Serialized files now loaded: 0)
System memory in use before: 89.2 MB.
System memory in use after: 89.2 MB.

Unloading 12 unused Assets to reduce memory usage. Loaded Objects now: 2384.
Total: 3.428200 ms (FindLiveObjects: 0.389700 ms CreateObjectMapping: 0.114400 ms MarkObjects: 2.756900 ms  DeleteObjects: 0.165300 ms)

========================================================================
Received Prepare
Registering precompiled user dll's ...
Registered in 0.002062 seconds.
Begin MonoManager ReloadAssembly
Native extension for WindowsStandalone target not found
Refreshing native plugins compatible for Editor in 0.56 ms, found 1 plugins.
Preloading 0 native plugins for Editor in 0.00 ms.
Mono: successfully reloaded assembly
- Completed reload, in  1.699 seconds
Platform modules already initialized, skipping
Refreshing native plugins compatible for Editor in 2.03 ms, found 1 plugins.
Preloading 0 native plugins for Editor in 0.00 ms.
Unloading 1809 Unused Serialized files (Serialized files now loaded: 0)
System memory in use before: 89.2 MB.
System memory in use after: 89.2 MB.

Unloading 12 unused Assets to reduce memory usage. Loaded Objects now: 2388.
Total: 3.678800 ms (FindLiveObjects: 0.281900 ms CreateObjectMapping: 0.149000 ms MarkObjects: 3.024500 ms  DeleteObjects: 0.220700 ms)

========================================================================
Received Import Request.
  Time since last request: 886.322935 seconds.
  path: Assets/Scenes/Level1.unity
  artifactKey: Guid(2cda990e2423bbf4892e6590ba056729) Importer(815301076,1909f56bfc062723c751e8b465ee728b)
Start importing Assets/Scenes/Level1.unity using Guid(2cda990e2423bbf4892e6590ba056729) Importer(815301076,1909f56bfc062723c751e8b465ee728b)  -> (artifact id: '04b6b6902f5dd7d317e94987f556eae6') in 0.041073 seconds
  Import took 0.049029 seconds .

========================================================================
Received Prepare
Registering precompiled user dll's ...
Registered in 0.001961 seconds.
Begin MonoManager ReloadAssembly
Native extension for WindowsStandalone target not found
Refreshing native plugins compatible for Editor in 0.58 ms, found 1 plugins.
Preloading 0 native plugins for Editor in 0.00 ms.
Mono: successfully reloaded assembly
- Completed reload, in  2.254 seconds
Platform modules already initialized, skipping
Refreshing native plugins compatible for Editor in 0.55 ms, found 1 plugins.
Preloading 0 native plugins for Editor in 0.00 ms.
Unloading 1809 Unused Serialized files (Serialized files now loaded: 0)
System memory in use before: 89.2 MB.
System memory in use after: 89.2 MB.

Unloading 12 unused Assets to reduce memory usage. Loaded Objects now: 2392.
Total: 3.376200 ms (FindLiveObjects: 0.253500 ms CreateObjectMapping: 0.101600 ms MarkObjects: 2.853800 ms  DeleteObjects: 0.165200 ms)

AssetImportWorkerClient::OnTransportError - code=2 error=End of file
